<?xml version="1.0" encoding="UTF-8"?>
<testsuites>
  <testsuite name="/app/phpunit.xml" tests="325" assertions="387" errors="0" failures="0" skipped="0" time="0.471670">
    <testsuite name="Domain Tests" tests="199" assertions="248" errors="0" failures="0" skipped="0" time="0.220231">
      <testsuite name="Tests\Domain\Attempt\AttemptStatusTest" file="/app/tests/Domain/Attempt/AttemptStatusTest.php" tests="20" assertions="20" errors="0" failures="0" skipped="0" time="0.015790">
        <testsuite name="Tests\Domain\Attempt\AttemptStatusTest::testIsTerminalReturnsTrueForTerminalStatuses" tests="4" assertions="4" errors="0" failures="0" skipped="0" time="0.013853">
          <testcase name="testIsTerminalReturnsTrueForTerminalStatuses with data set &quot;SUCCEEDED&quot;" file="/app/tests/Domain/Attempt/AttemptStatusTest.php" line="13" class="Tests\Domain\Attempt\AttemptStatusTest" classname="Tests.Domain.Attempt.AttemptStatusTest" assertions="1" time="0.013641"/>
          <testcase name="testIsTerminalReturnsTrueForTerminalStatuses with data set &quot;FAILED&quot;" file="/app/tests/Domain/Attempt/AttemptStatusTest.php" line="13" class="Tests\Domain\Attempt\AttemptStatusTest" classname="Tests.Domain.Attempt.AttemptStatusTest" assertions="1" time="0.000108"/>
          <testcase name="testIsTerminalReturnsTrueForTerminalStatuses with data set &quot;CANCELED&quot;" file="/app/tests/Domain/Attempt/AttemptStatusTest.php" line="13" class="Tests\Domain\Attempt\AttemptStatusTest" classname="Tests.Domain.Attempt.AttemptStatusTest" assertions="1" time="0.000057"/>
          <testcase name="testIsTerminalReturnsTrueForTerminalStatuses with data set &quot;EXPIRED&quot;" file="/app/tests/Domain/Attempt/AttemptStatusTest.php" line="13" class="Tests\Domain\Attempt\AttemptStatusTest" classname="Tests.Domain.Attempt.AttemptStatusTest" assertions="1" time="0.000047"/>
        </testsuite>
        <testsuite name="Tests\Domain\Attempt\AttemptStatusTest::testIsTerminalReturnsFalseForNonTerminalStatuses" tests="3" assertions="3" errors="0" failures="0" skipped="0" time="0.001411">
          <testcase name="testIsTerminalReturnsFalseForNonTerminalStatuses with data set &quot;PENDING&quot;" file="/app/tests/Domain/Attempt/AttemptStatusTest.php" line="31" class="Tests\Domain\Attempt\AttemptStatusTest" classname="Tests.Domain.Attempt.AttemptStatusTest" assertions="1" time="0.001300"/>
          <testcase name="testIsTerminalReturnsFalseForNonTerminalStatuses with data set &quot;PROCESSING&quot;" file="/app/tests/Domain/Attempt/AttemptStatusTest.php" line="31" class="Tests\Domain\Attempt\AttemptStatusTest" classname="Tests.Domain.Attempt.AttemptStatusTest" assertions="1" time="0.000052"/>
          <testcase name="testIsTerminalReturnsFalseForNonTerminalStatuses with data set &quot;AWAITING_CONFIRMATION&quot;" file="/app/tests/Domain/Attempt/AttemptStatusTest.php" line="31" class="Tests\Domain\Attempt\AttemptStatusTest" classname="Tests.Domain.Attempt.AttemptStatusTest" assertions="1" time="0.000058"/>
        </testsuite>
        <testcase name="testSucceededIsSuccess" file="/app/tests/Domain/Attempt/AttemptStatusTest.php" line="45" class="Tests\Domain\Attempt\AttemptStatusTest" classname="Tests.Domain.Attempt.AttemptStatusTest" assertions="1" time="0.000043"/>
        <testcase name="testSucceededIsNotFailure" file="/app/tests/Domain/Attempt/AttemptStatusTest.php" line="50" class="Tests\Domain\Attempt\AttemptStatusTest" classname="Tests.Domain.Attempt.AttemptStatusTest" assertions="1" time="0.000037"/>
        <testcase name="testFailedIsNotSuccess" file="/app/tests/Domain/Attempt/AttemptStatusTest.php" line="55" class="Tests\Domain\Attempt\AttemptStatusTest" classname="Tests.Domain.Attempt.AttemptStatusTest" assertions="1" time="0.000038"/>
        <testcase name="testFailedIsFailure" file="/app/tests/Domain/Attempt/AttemptStatusTest.php" line="60" class="Tests\Domain\Attempt\AttemptStatusTest" classname="Tests.Domain.Attempt.AttemptStatusTest" assertions="1" time="0.000033"/>
        <testcase name="testCanceledIsFailure" file="/app/tests/Domain/Attempt/AttemptStatusTest.php" line="65" class="Tests\Domain\Attempt\AttemptStatusTest" classname="Tests.Domain.Attempt.AttemptStatusTest" assertions="1" time="0.000037"/>
        <testcase name="testCanceledIsNotSuccess" file="/app/tests/Domain/Attempt/AttemptStatusTest.php" line="70" class="Tests\Domain\Attempt\AttemptStatusTest" classname="Tests.Domain.Attempt.AttemptStatusTest" assertions="1" time="0.000034"/>
        <testcase name="testExpiredIsFailure" file="/app/tests/Domain/Attempt/AttemptStatusTest.php" line="75" class="Tests\Domain\Attempt\AttemptStatusTest" classname="Tests.Domain.Attempt.AttemptStatusTest" assertions="1" time="0.000062"/>
        <testcase name="testExpiredIsNotSuccess" file="/app/tests/Domain/Attempt/AttemptStatusTest.php" line="80" class="Tests\Domain\Attempt\AttemptStatusTest" classname="Tests.Domain.Attempt.AttemptStatusTest" assertions="1" time="0.000047"/>
        <testcase name="testPendingIsNotSuccess" file="/app/tests/Domain/Attempt/AttemptStatusTest.php" line="85" class="Tests\Domain\Attempt\AttemptStatusTest" classname="Tests.Domain.Attempt.AttemptStatusTest" assertions="1" time="0.000045"/>
        <testcase name="testPendingIsNotFailure" file="/app/tests/Domain/Attempt/AttemptStatusTest.php" line="90" class="Tests\Domain\Attempt\AttemptStatusTest" classname="Tests.Domain.Attempt.AttemptStatusTest" assertions="1" time="0.000035"/>
        <testcase name="testProcessingIsNotSuccess" file="/app/tests/Domain/Attempt/AttemptStatusTest.php" line="95" class="Tests\Domain\Attempt\AttemptStatusTest" classname="Tests.Domain.Attempt.AttemptStatusTest" assertions="1" time="0.000037"/>
        <testcase name="testProcessingIsNotFailure" file="/app/tests/Domain/Attempt/AttemptStatusTest.php" line="100" class="Tests\Domain\Attempt\AttemptStatusTest" classname="Tests.Domain.Attempt.AttemptStatusTest" assertions="1" time="0.000036"/>
        <testcase name="testAwaitingConfirmationIsNotTerminal" file="/app/tests/Domain/Attempt/AttemptStatusTest.php" line="105" class="Tests\Domain\Attempt\AttemptStatusTest" classname="Tests.Domain.Attempt.AttemptStatusTest" assertions="1" time="0.000043"/>
      </testsuite>
      <testsuite name="Tests\Domain\Attempt\CardAttemptDataTest" file="/app/tests/Domain/Attempt/CardAttemptDataTest.php" tests="13" assertions="14" errors="0" failures="0" skipped="0" time="0.086288">
        <testcase name="testGetDataReturnsInitialData" file="/app/tests/Domain/Attempt/CardAttemptDataTest.php" line="31" class="Tests\Domain\Attempt\CardAttemptDataTest" classname="Tests.Domain.Attempt.CardAttemptDataTest" assertions="1" time="0.081640"/>
        <testcase name="testBinIsExposedCorrectly" file="/app/tests/Domain/Attempt/CardAttemptDataTest.php" line="39" class="Tests\Domain\Attempt\CardAttemptDataTest" classname="Tests.Domain.Attempt.CardAttemptDataTest" assertions="1" time="0.000097"/>
        <testcase name="testLast4IsExposedCorrectly" file="/app/tests/Domain/Attempt/CardAttemptDataTest.php" line="44" class="Tests\Domain\Attempt\CardAttemptDataTest" classname="Tests.Domain.Attempt.CardAttemptDataTest" assertions="1" time="0.000064"/>
        <testcase name="testExpiryMonthIsExposedCorrectly" file="/app/tests/Domain/Attempt/CardAttemptDataTest.php" line="49" class="Tests\Domain\Attempt\CardAttemptDataTest" classname="Tests.Domain.Attempt.CardAttemptDataTest" assertions="1" time="0.000061"/>
        <testcase name="testExpiryYearIsExposedCorrectly" file="/app/tests/Domain/Attempt/CardAttemptDataTest.php" line="54" class="Tests\Domain\Attempt\CardAttemptDataTest" classname="Tests.Domain.Attempt.CardAttemptDataTest" assertions="1" time="0.000047"/>
        <testcase name="testCardholderNameIsExposedCorrectly" file="/app/tests/Domain/Attempt/CardAttemptDataTest.php" line="59" class="Tests\Domain\Attempt\CardAttemptDataTest" classname="Tests.Domain.Attempt.CardAttemptDataTest" assertions="1" time="0.000056"/>
        <testcase name="testCardBrandIsExposedCorrectly" file="/app/tests/Domain/Attempt/CardAttemptDataTest.php" line="64" class="Tests\Domain\Attempt\CardAttemptDataTest" classname="Tests.Domain.Attempt.CardAttemptDataTest" assertions="1" time="0.000046"/>
        <testcase name="testFundingTypeIsExposedCorrectly" file="/app/tests/Domain/Attempt/CardAttemptDataTest.php" line="69" class="Tests\Domain\Attempt\CardAttemptDataTest" classname="Tests.Domain.Attempt.CardAttemptDataTest" assertions="1" time="0.000048"/>
        <testcase name="testIssuingCountryIsExposedCorrectly" file="/app/tests/Domain/Attempt/CardAttemptDataTest.php" line="74" class="Tests\Domain\Attempt\CardAttemptDataTest" classname="Tests.Domain.Attempt.CardAttemptDataTest" assertions="1" time="0.000046"/>
        <testcase name="testRequiresUserActionReturnsFalseByDefault" file="/app/tests/Domain/Attempt/CardAttemptDataTest.php" line="79" class="Tests\Domain\Attempt\CardAttemptDataTest" classname="Tests.Domain.Attempt.CardAttemptDataTest" assertions="1" time="0.000053"/>
        <testcase name="testUpdateDataReplacesCardData" file="/app/tests/Domain/Attempt/CardAttemptDataTest.php" line="84" class="Tests\Domain\Attempt\CardAttemptDataTest" classname="Tests.Domain.Attempt.CardAttemptDataTest" assertions="1" time="0.000046"/>
        <testcase name="testUpdateSpecificDataRejectsNonCardData" file="/app/tests/Domain/Attempt/CardAttemptDataTest.php" line="94" class="Tests\Domain\Attempt\CardAttemptDataTest" classname="Tests.Domain.Attempt.CardAttemptDataTest" assertions="1" time="0.002823"/>
        <testcase name="testAttemptTransitionPreservesCardData" file="/app/tests/Domain/Attempt/CardAttemptDataTest.php" line="102" class="Tests\Domain\Attempt\CardAttemptDataTest" classname="Tests.Domain.Attempt.CardAttemptDataTest" assertions="2" time="0.001261"/>
      </testsuite>
      <testsuite name="Tests\Domain\Attempt\PaymentAttemptTest" file="/app/tests/Domain/Attempt/PaymentAttemptTest.php" tests="15" assertions="25" errors="0" failures="0" skipped="0" time="0.013999">
        <testcase name="testCreateSetsInitialStatusPendingAndProviderStatusPending" file="/app/tests/Domain/Attempt/PaymentAttemptTest.php" line="45" class="Tests\Domain\Attempt\PaymentAttemptTest" classname="Tests.Domain.Attempt.PaymentAttemptTest" assertions="2" time="0.006043"/>
        <testcase name="testCreateRecordsAttemptInitiatedEvent" file="/app/tests/Domain/Attempt/PaymentAttemptTest.php" line="53" class="Tests\Domain\Attempt\PaymentAttemptTest" classname="Tests.Domain.Attempt.PaymentAttemptTest" assertions="2" time="0.002094"/>
        <testcase name="testCreateSetsCorrectMethodType" file="/app/tests/Domain/Attempt/PaymentAttemptTest.php" line="62" class="Tests\Domain\Attempt\PaymentAttemptTest" classname="Tests.Domain.Attempt.PaymentAttemptTest" assertions="1" time="0.000083"/>
        <testcase name="testSetProviderReferenceUpdatesProviderReference" file="/app/tests/Domain/Attempt/PaymentAttemptTest.php" line="69" class="Tests\Domain\Attempt\PaymentAttemptTest" classname="Tests.Domain.Attempt.PaymentAttemptTest" assertions="2" time="0.000705"/>
        <testcase name="testUpdateDataReplacesTypedData" file="/app/tests/Domain/Attempt/PaymentAttemptTest.php" line="79" class="Tests\Domain\Attempt\PaymentAttemptTest" classname="Tests.Domain.Attempt.PaymentAttemptTest" assertions="1" time="0.000075"/>
        <testcase name="testApplyTransitionUpdatesStatusAndProviderStatus" file="/app/tests/Domain/Attempt/PaymentAttemptTest.php" line="90" class="Tests\Domain\Attempt\PaymentAttemptTest" classname="Tests.Domain.Attempt.PaymentAttemptTest" assertions="2" time="0.000067"/>
        <testcase name="testApplyTransitionRecordsAttemptStatusChangedEventWithCorrectOldAndNewStatus" file="/app/tests/Domain/Attempt/PaymentAttemptTest.php" line="101" class="Tests\Domain\Attempt\PaymentAttemptTest" classname="Tests.Domain.Attempt.PaymentAttemptTest" assertions="3" time="0.000074"/>
        <testcase name="testApplyTransitionToSucceededRecordsAttemptSucceededEvent" file="/app/tests/Domain/Attempt/PaymentAttemptTest.php" line="118" class="Tests\Domain\Attempt\PaymentAttemptTest" classname="Tests.Domain.Attempt.PaymentAttemptTest" assertions="1" time="0.001122"/>
        <testcase name="testApplyTransitionToFailedRecordsAttemptFailedEventWithReason" file="/app/tests/Domain/Attempt/PaymentAttemptTest.php" line="132" class="Tests\Domain\Attempt\PaymentAttemptTest" classname="Tests.Domain.Attempt.PaymentAttemptTest" assertions="2" time="0.001204"/>
        <testcase name="testApplyTransitionToAwaitingConfirmationRecordsAttemptRequiresUserActionEvent" file="/app/tests/Domain/Attempt/PaymentAttemptTest.php" line="148" class="Tests\Domain\Attempt\PaymentAttemptTest" classname="Tests.Domain.Attempt.PaymentAttemptTest" assertions="1" time="0.001129"/>
        <testcase name="testApplyTransitionToCanceledRecordsAttemptCanceledEvent" file="/app/tests/Domain/Attempt/PaymentAttemptTest.php" line="160" class="Tests\Domain\Attempt\PaymentAttemptTest" classname="Tests.Domain.Attempt.PaymentAttemptTest" assertions="1" time="0.001146"/>
        <testcase name="testApplyTransitionToProcessingDoesNotRecordAttemptSucceededOrAttemptFailed" file="/app/tests/Domain/Attempt/PaymentAttemptTest.php" line="175" class="Tests\Domain\Attempt\PaymentAttemptTest" classname="Tests.Domain.Attempt.PaymentAttemptTest" assertions="2" time="0.000082"/>
        <testcase name="testReleaseEventsClearsBuffer" file="/app/tests/Domain/Attempt/PaymentAttemptTest.php" line="190" class="Tests\Domain\Attempt\PaymentAttemptTest" classname="Tests.Domain.Attempt.PaymentAttemptTest" assertions="2" time="0.000062"/>
        <testcase name="testGetVersionReturnsZeroInitially" file="/app/tests/Domain/Attempt/PaymentAttemptTest.php" line="201" class="Tests\Domain\Attempt\PaymentAttemptTest" classname="Tests.Domain.Attempt.PaymentAttemptTest" assertions="1" time="0.000056"/>
        <testcase name="testIncrementVersionIncrementsOnEachCall" file="/app/tests/Domain/Attempt/PaymentAttemptTest.php" line="207" class="Tests\Domain\Attempt\PaymentAttemptTest" classname="Tests.Domain.Attempt.PaymentAttemptTest" assertions="2" time="0.000057"/>
      </testsuite>
      <testsuite name="Tests\Domain\Attempt\StateMachine\CardStateMachineAuthorizeTest" file="/app/tests/Domain/Attempt/StateMachine/CardStateMachineAuthorizeTest.php" tests="13" assertions="14" errors="0" failures="0" skipped="0" time="0.003719">
        <testcase name="testPendingToAuthorizedIsAllowed" file="/app/tests/Domain/Attempt/StateMachine/CardStateMachineAuthorizeTest.php" line="43" class="Tests\Domain\Attempt\StateMachine\CardStateMachineAuthorizeTest" classname="Tests.Domain.Attempt.StateMachine.CardStateMachineAuthorizeTest" assertions="1" time="0.000060"/>
        <testcase name="testAuthorizedToProcessingIsAllowed" file="/app/tests/Domain/Attempt/StateMachine/CardStateMachineAuthorizeTest.php" line="50" class="Tests\Domain\Attempt\StateMachine\CardStateMachineAuthorizeTest" classname="Tests.Domain.Attempt.StateMachine.CardStateMachineAuthorizeTest" assertions="1" time="0.000075"/>
        <testcase name="testAuthorizedToSucceededIsAllowed" file="/app/tests/Domain/Attempt/StateMachine/CardStateMachineAuthorizeTest.php" line="55" class="Tests\Domain\Attempt\StateMachine\CardStateMachineAuthorizeTest" classname="Tests.Domain.Attempt.StateMachine.CardStateMachineAuthorizeTest" assertions="1" time="0.000063"/>
        <testcase name="testAuthorizedToCanceledIsAllowed" file="/app/tests/Domain/Attempt/StateMachine/CardStateMachineAuthorizeTest.php" line="60" class="Tests\Domain\Attempt\StateMachine\CardStateMachineAuthorizeTest" classname="Tests.Domain.Attempt.StateMachine.CardStateMachineAuthorizeTest" assertions="1" time="0.000044"/>
        <testcase name="testAuthorizedToFailedIsAllowed" file="/app/tests/Domain/Attempt/StateMachine/CardStateMachineAuthorizeTest.php" line="65" class="Tests\Domain\Attempt\StateMachine\CardStateMachineAuthorizeTest" classname="Tests.Domain.Attempt.StateMachine.CardStateMachineAuthorizeTest" assertions="1" time="0.000042"/>
        <testcase name="testAuthorizedToAwaitingConfirmationIsNotAllowed" file="/app/tests/Domain/Attempt/StateMachine/CardStateMachineAuthorizeTest.php" line="70" class="Tests\Domain\Attempt\StateMachine\CardStateMachineAuthorizeTest" classname="Tests.Domain.Attempt.StateMachine.CardStateMachineAuthorizeTest" assertions="1" time="0.000051"/>
        <testcase name="testApplyTransitionToAuthorizedRecordsAttemptAuthorizedEvent" file="/app/tests/Domain/Attempt/StateMachine/CardStateMachineAuthorizeTest.php" line="77" class="Tests\Domain\Attempt\StateMachine\CardStateMachineAuthorizeTest" classname="Tests.Domain.Attempt.StateMachine.CardStateMachineAuthorizeTest" assertions="2" time="0.001455"/>
        <testcase name="testAuthorizedIsNotTerminal" file="/app/tests/Domain/Attempt/StateMachine/CardStateMachineAuthorizeTest.php" line="91" class="Tests\Domain\Attempt\StateMachine\CardStateMachineAuthorizeTest" classname="Tests.Domain.Attempt.StateMachine.CardStateMachineAuthorizeTest" assertions="1" time="0.000058"/>
        <testcase name="testAuthorizedIsNotSuccess" file="/app/tests/Domain/Attempt/StateMachine/CardStateMachineAuthorizeTest.php" line="96" class="Tests\Domain\Attempt\StateMachine\CardStateMachineAuthorizeTest" classname="Tests.Domain.Attempt.StateMachine.CardStateMachineAuthorizeTest" assertions="1" time="0.000045"/>
        <testcase name="testAuthorizedIsNotFailure" file="/app/tests/Domain/Attempt/StateMachine/CardStateMachineAuthorizeTest.php" line="101" class="Tests\Domain\Attempt\StateMachine\CardStateMachineAuthorizeTest" classname="Tests.Domain.Attempt.StateMachine.CardStateMachineAuthorizeTest" assertions="1" time="0.000044"/>
        <testcase name="testFullAuthorizeCaptureFlowSucceeds" file="/app/tests/Domain/Attempt/StateMachine/CardStateMachineAuthorizeTest.php" line="108" class="Tests\Domain\Attempt\StateMachine\CardStateMachineAuthorizeTest" classname="Tests.Domain.Attempt.StateMachine.CardStateMachineAuthorizeTest" assertions="1" time="0.000089"/>
        <testcase name="testFullAuthorizeVoidFlow" file="/app/tests/Domain/Attempt/StateMachine/CardStateMachineAuthorizeTest.php" line="119" class="Tests\Domain\Attempt\StateMachine\CardStateMachineAuthorizeTest" classname="Tests.Domain.Attempt.StateMachine.CardStateMachineAuthorizeTest" assertions="1" time="0.000068"/>
        <testcase name="testCannotTransitionFromAuthorizedToAuthorized" file="/app/tests/Domain/Attempt/StateMachine/CardStateMachineAuthorizeTest.php" line="130" class="Tests\Domain\Attempt\StateMachine\CardStateMachineAuthorizeTest" classname="Tests.Domain.Attempt.StateMachine.CardStateMachineAuthorizeTest" assertions="1" time="0.001621"/>
      </testsuite>
      <testsuite name="Tests\Domain\Attempt\StateMachine\CardStateMachineTest" file="/app/tests/Domain/Attempt/StateMachine/CardStateMachineTest.php" tests="14" assertions="15" errors="0" failures="0" skipped="0" time="0.001390">
        <testcase name="testPendingToAwaitingConfirmationIsAllowed" file="/app/tests/Domain/Attempt/StateMachine/CardStateMachineTest.php" line="42" class="Tests\Domain\Attempt\StateMachine\CardStateMachineTest" classname="Tests.Domain.Attempt.StateMachine.CardStateMachineTest" assertions="1" time="0.000118"/>
        <testcase name="testPendingToProcessingIsAllowed" file="/app/tests/Domain/Attempt/StateMachine/CardStateMachineTest.php" line="47" class="Tests\Domain\Attempt\StateMachine\CardStateMachineTest" classname="Tests.Domain.Attempt.StateMachine.CardStateMachineTest" assertions="1" time="0.000050"/>
        <testcase name="testPendingToFailedIsAllowed" file="/app/tests/Domain/Attempt/StateMachine/CardStateMachineTest.php" line="52" class="Tests\Domain\Attempt\StateMachine\CardStateMachineTest" classname="Tests.Domain.Attempt.StateMachine.CardStateMachineTest" assertions="1" time="0.000048"/>
        <testcase name="testPendingToSucceededIsNotAllowed" file="/app/tests/Domain/Attempt/StateMachine/CardStateMachineTest.php" line="57" class="Tests\Domain\Attempt\StateMachine\CardStateMachineTest" classname="Tests.Domain.Attempt.StateMachine.CardStateMachineTest" assertions="1" time="0.000064"/>
        <testcase name="testAwaitingConfirmationToProcessingIsAllowed" file="/app/tests/Domain/Attempt/StateMachine/CardStateMachineTest.php" line="64" class="Tests\Domain\Attempt\StateMachine\CardStateMachineTest" classname="Tests.Domain.Attempt.StateMachine.CardStateMachineTest" assertions="1" time="0.000050"/>
        <testcase name="testAwaitingConfirmationToFailedIsAllowed" file="/app/tests/Domain/Attempt/StateMachine/CardStateMachineTest.php" line="69" class="Tests\Domain\Attempt\StateMachine\CardStateMachineTest" classname="Tests.Domain.Attempt.StateMachine.CardStateMachineTest" assertions="1" time="0.000054"/>
        <testcase name="testAwaitingConfirmationToCanceledIsAllowed" file="/app/tests/Domain/Attempt/StateMachine/CardStateMachineTest.php" line="74" class="Tests\Domain\Attempt\StateMachine\CardStateMachineTest" classname="Tests.Domain.Attempt.StateMachine.CardStateMachineTest" assertions="1" time="0.000049"/>
        <testcase name="testAwaitingConfirmationToSucceededIsNotAllowed" file="/app/tests/Domain/Attempt/StateMachine/CardStateMachineTest.php" line="79" class="Tests\Domain\Attempt\StateMachine\CardStateMachineTest" classname="Tests.Domain.Attempt.StateMachine.CardStateMachineTest" assertions="1" time="0.000047"/>
        <testcase name="testProcessingToSucceededIsAllowed" file="/app/tests/Domain/Attempt/StateMachine/CardStateMachineTest.php" line="86" class="Tests\Domain\Attempt\StateMachine\CardStateMachineTest" classname="Tests.Domain.Attempt.StateMachine.CardStateMachineTest" assertions="1" time="0.000048"/>
        <testcase name="testProcessingToFailedIsAllowed" file="/app/tests/Domain/Attempt/StateMachine/CardStateMachineTest.php" line="91" class="Tests\Domain\Attempt\StateMachine\CardStateMachineTest" classname="Tests.Domain.Attempt.StateMachine.CardStateMachineTest" assertions="1" time="0.000044"/>
        <testcase name="testProcessingToCanceledIsNotAllowed" file="/app/tests/Domain/Attempt/StateMachine/CardStateMachineTest.php" line="96" class="Tests\Domain\Attempt\StateMachine\CardStateMachineTest" classname="Tests.Domain.Attempt.StateMachine.CardStateMachineTest" assertions="1" time="0.000480"/>
        <testcase name="testSucceededToFailedIsNotAllowed" file="/app/tests/Domain/Attempt/StateMachine/CardStateMachineTest.php" line="103" class="Tests\Domain\Attempt\StateMachine\CardStateMachineTest" classname="Tests.Domain.Attempt.StateMachine.CardStateMachineTest" assertions="1" time="0.000094"/>
        <testcase name="testApplyTransitionOnAttemptAppliesValidTransition" file="/app/tests/Domain/Attempt/StateMachine/CardStateMachineTest.php" line="110" class="Tests\Domain\Attempt\StateMachine\CardStateMachineTest" classname="Tests.Domain.Attempt.StateMachine.CardStateMachineTest" assertions="2" time="0.000154"/>
        <testcase name="testApplyTransitionOnAttemptThrowsOnInvalidTransition" file="/app/tests/Domain/Attempt/StateMachine/CardStateMachineTest.php" line="121" class="Tests\Domain\Attempt\StateMachine\CardStateMachineTest" classname="Tests.Domain.Attempt.StateMachine.CardStateMachineTest" assertions="1" time="0.000092"/>
      </testsuite>
      <testsuite name="Tests\Domain\Attempt\StateMachine\CashStateMachineTest" file="/app/tests/Domain/Attempt/StateMachine/CashStateMachineTest.php" tests="8" assertions="8" errors="0" failures="0" skipped="0" time="0.008983">
        <testcase name="testPendingToAwaitingConfirmationIsAllowed" file="/app/tests/Domain/Attempt/StateMachine/CashStateMachineTest.php" line="42" class="Tests\Domain\Attempt\StateMachine\CashStateMachineTest" classname="Tests.Domain.Attempt.StateMachine.CashStateMachineTest" assertions="1" time="0.002457"/>
        <testcase name="testPendingToFailedIsAllowed" file="/app/tests/Domain/Attempt/StateMachine/CashStateMachineTest.php" line="47" class="Tests\Domain\Attempt\StateMachine\CashStateMachineTest" classname="Tests.Domain.Attempt.StateMachine.CashStateMachineTest" assertions="1" time="0.000057"/>
        <testcase name="testAwaitingConfirmationToSucceededIsAllowed" file="/app/tests/Domain/Attempt/StateMachine/CashStateMachineTest.php" line="54" class="Tests\Domain\Attempt\StateMachine\CashStateMachineTest" classname="Tests.Domain.Attempt.StateMachine.CashStateMachineTest" assertions="1" time="0.000052"/>
        <testcase name="testAwaitingConfirmationToExpiredIsAllowed" file="/app/tests/Domain/Attempt/StateMachine/CashStateMachineTest.php" line="59" class="Tests\Domain\Attempt\StateMachine\CashStateMachineTest" classname="Tests.Domain.Attempt.StateMachine.CashStateMachineTest" assertions="1" time="0.000046"/>
        <testcase name="testAwaitingConfirmationToFailedIsNotAllowed" file="/app/tests/Domain/Attempt/StateMachine/CashStateMachineTest.php" line="67" class="Tests\Domain\Attempt\StateMachine\CashStateMachineTest" classname="Tests.Domain.Attempt.StateMachine.CashStateMachineTest" assertions="1" time="0.000065"/>
        <testcase name="testSucceededToExpiredIsNotAllowed" file="/app/tests/Domain/Attempt/StateMachine/CashStateMachineTest.php" line="74" class="Tests\Domain\Attempt\StateMachine\CashStateMachineTest" classname="Tests.Domain.Attempt.StateMachine.CashStateMachineTest" assertions="1" time="0.000048"/>
        <testcase name="testApplyTransitionOnAttemptThrowsOnInvalidTransition" file="/app/tests/Domain/Attempt/StateMachine/CashStateMachineTest.php" line="81" class="Tests\Domain\Attempt\StateMachine\CashStateMachineTest" classname="Tests.Domain.Attempt.StateMachine.CashStateMachineTest" assertions="1" time="0.006098"/>
        <testcase name="testApplyTransitionOnAttemptAppliesValidTransition" file="/app/tests/Domain/Attempt/StateMachine/CashStateMachineTest.php" line="90" class="Tests\Domain\Attempt\StateMachine\CashStateMachineTest" classname="Tests.Domain.Attempt.StateMachine.CashStateMachineTest" assertions="1" time="0.000160"/>
      </testsuite>
      <testsuite name="Tests\Domain\Attempt\StateMachine\CryptoStateMachineTest" file="/app/tests/Domain/Attempt/StateMachine/CryptoStateMachineTest.php" tests="9" assertions="9" errors="0" failures="0" skipped="0" time="0.009568">
        <testcase name="testPendingToProcessingIsAllowed" file="/app/tests/Domain/Attempt/StateMachine/CryptoStateMachineTest.php" line="42" class="Tests\Domain\Attempt\StateMachine\CryptoStateMachineTest" classname="Tests.Domain.Attempt.StateMachine.CryptoStateMachineTest" assertions="1" time="0.002549"/>
        <testcase name="testPendingToFailedIsAllowed" file="/app/tests/Domain/Attempt/StateMachine/CryptoStateMachineTest.php" line="47" class="Tests\Domain\Attempt\StateMachine\CryptoStateMachineTest" classname="Tests.Domain.Attempt.StateMachine.CryptoStateMachineTest" assertions="1" time="0.000065"/>
        <testcase name="testPendingToSucceededIsNotAllowed" file="/app/tests/Domain/Attempt/StateMachine/CryptoStateMachineTest.php" line="52" class="Tests\Domain\Attempt\StateMachine\CryptoStateMachineTest" classname="Tests.Domain.Attempt.StateMachine.CryptoStateMachineTest" assertions="1" time="0.000068"/>
        <testcase name="testProcessingToSucceededIsAllowed" file="/app/tests/Domain/Attempt/StateMachine/CryptoStateMachineTest.php" line="59" class="Tests\Domain\Attempt\StateMachine\CryptoStateMachineTest" classname="Tests.Domain.Attempt.StateMachine.CryptoStateMachineTest" assertions="1" time="0.000046"/>
        <testcase name="testProcessingToFailedIsAllowed" file="/app/tests/Domain/Attempt/StateMachine/CryptoStateMachineTest.php" line="64" class="Tests\Domain\Attempt\StateMachine\CryptoStateMachineTest" classname="Tests.Domain.Attempt.StateMachine.CryptoStateMachineTest" assertions="1" time="0.000047"/>
        <testcase name="testProcessingToExpiredIsAllowed" file="/app/tests/Domain/Attempt/StateMachine/CryptoStateMachineTest.php" line="69" class="Tests\Domain\Attempt\StateMachine\CryptoStateMachineTest" classname="Tests.Domain.Attempt.StateMachine.CryptoStateMachineTest" assertions="1" time="0.000052"/>
        <testcase name="testSucceededToFailedIsNotAllowed" file="/app/tests/Domain/Attempt/StateMachine/CryptoStateMachineTest.php" line="76" class="Tests\Domain\Attempt\StateMachine\CryptoStateMachineTest" classname="Tests.Domain.Attempt.StateMachine.CryptoStateMachineTest" assertions="1" time="0.000043"/>
        <testcase name="testApplyTransitionOnAttemptThrowsOnInvalidTransition" file="/app/tests/Domain/Attempt/StateMachine/CryptoStateMachineTest.php" line="83" class="Tests\Domain\Attempt\StateMachine\CryptoStateMachineTest" classname="Tests.Domain.Attempt.StateMachine.CryptoStateMachineTest" assertions="1" time="0.006582"/>
        <testcase name="testApplyTransitionOnAttemptAppliesValidTransition" file="/app/tests/Domain/Attempt/StateMachine/CryptoStateMachineTest.php" line="91" class="Tests\Domain\Attempt\StateMachine\CryptoStateMachineTest" classname="Tests.Domain.Attempt.StateMachine.CryptoStateMachineTest" assertions="1" time="0.000117"/>
      </testsuite>
      <testsuite name="Tests\Domain\Attempt\StateMachine\P2PStateMachineTest" file="/app/tests/Domain/Attempt/StateMachine/P2PStateMachineTest.php" tests="10" assertions="10" errors="0" failures="0" skipped="0" time="0.016019">
        <testcase name="testPendingToAwaitingConfirmationIsAllowed" file="/app/tests/Domain/Attempt/StateMachine/P2PStateMachineTest.php" line="42" class="Tests\Domain\Attempt\StateMachine\P2PStateMachineTest" classname="Tests.Domain.Attempt.StateMachine.P2PStateMachineTest" assertions="1" time="0.003340"/>
        <testcase name="testPendingToFailedIsAllowed" file="/app/tests/Domain/Attempt/StateMachine/P2PStateMachineTest.php" line="47" class="Tests\Domain\Attempt\StateMachine\P2PStateMachineTest" classname="Tests.Domain.Attempt.StateMachine.P2PStateMachineTest" assertions="1" time="0.000246"/>
        <testcase name="testAwaitingConfirmationToProcessingIsAllowed" file="/app/tests/Domain/Attempt/StateMachine/P2PStateMachineTest.php" line="54" class="Tests\Domain\Attempt\StateMachine\P2PStateMachineTest" classname="Tests.Domain.Attempt.StateMachine.P2PStateMachineTest" assertions="1" time="0.000077"/>
        <testcase name="testAwaitingConfirmationToFailedIsAllowed" file="/app/tests/Domain/Attempt/StateMachine/P2PStateMachineTest.php" line="59" class="Tests\Domain\Attempt\StateMachine\P2PStateMachineTest" classname="Tests.Domain.Attempt.StateMachine.P2PStateMachineTest" assertions="1" time="0.000404"/>
        <testcase name="testAwaitingConfirmationToExpiredIsAllowed" file="/app/tests/Domain/Attempt/StateMachine/P2PStateMachineTest.php" line="64" class="Tests\Domain\Attempt\StateMachine\P2PStateMachineTest" classname="Tests.Domain.Attempt.StateMachine.P2PStateMachineTest" assertions="1" time="0.000122"/>
        <testcase name="testProcessingToSucceededIsAllowed" file="/app/tests/Domain/Attempt/StateMachine/P2PStateMachineTest.php" line="71" class="Tests\Domain\Attempt\StateMachine\P2PStateMachineTest" classname="Tests.Domain.Attempt.StateMachine.P2PStateMachineTest" assertions="1" time="0.000092"/>
        <testcase name="testProcessingToFailedIsAllowed" file="/app/tests/Domain/Attempt/StateMachine/P2PStateMachineTest.php" line="76" class="Tests\Domain\Attempt\StateMachine\P2PStateMachineTest" classname="Tests.Domain.Attempt.StateMachine.P2PStateMachineTest" assertions="1" time="0.000062"/>
        <testcase name="testFailedToSucceededIsNotAllowed" file="/app/tests/Domain/Attempt/StateMachine/P2PStateMachineTest.php" line="83" class="Tests\Domain\Attempt\StateMachine\P2PStateMachineTest" classname="Tests.Domain.Attempt.StateMachine.P2PStateMachineTest" assertions="1" time="0.000207"/>
        <testcase name="testApplyTransitionOnAttemptThrowsOnInvalidTransition" file="/app/tests/Domain/Attempt/StateMachine/P2PStateMachineTest.php" line="90" class="Tests\Domain\Attempt\StateMachine\P2PStateMachineTest" classname="Tests.Domain.Attempt.StateMachine.P2PStateMachineTest" assertions="1" time="0.011019"/>
        <testcase name="testApplyTransitionOnAttemptAppliesValidTransition" file="/app/tests/Domain/Attempt/StateMachine/P2PStateMachineTest.php" line="98" class="Tests\Domain\Attempt\StateMachine\P2PStateMachineTest" classname="Tests.Domain.Attempt.StateMachine.P2PStateMachineTest" assertions="1" time="0.000451"/>
      </testsuite>
      <testsuite name="Tests\Domain\Attempt\ThreeDSDataTest" file="/app/tests/Domain/Attempt/ThreeDSDataTest.php" tests="7" assertions="10" errors="0" failures="0" skipped="0" time="0.010278">
        <testcase name="testGetThreeDSDataReturnsNullWhenNoChallenge" file="/app/tests/Domain/Attempt/ThreeDSDataTest.php" line="38" class="Tests\Domain\Attempt\ThreeDSDataTest" classname="Tests.Domain.Attempt.ThreeDSDataTest" assertions="1" time="0.000138"/>
        <testcase name="testGetThreeDSDataReturnsDataWhenPresent" file="/app/tests/Domain/Attempt/ThreeDSDataTest.php" line="58" class="Tests\Domain\Attempt\ThreeDSDataTest" classname="Tests.Domain.Attempt.ThreeDSDataTest" assertions="2" time="0.009176"/>
        <testcase name="testRequiresChallengeReturnsTrueWhenAcsUrlAndCreqPresent" file="/app/tests/Domain/Attempt/ThreeDSDataTest.php" line="67" class="Tests\Domain\Attempt\ThreeDSDataTest" classname="Tests.Domain.Attempt.ThreeDSDataTest" assertions="1" time="0.000114"/>
        <testcase name="testRequiresChallengeReturnsFalseForFrictionlessFlow" file="/app/tests/Domain/Attempt/ThreeDSDataTest.php" line="79" class="Tests\Domain\Attempt\ThreeDSDataTest" classname="Tests.Domain.Attempt.ThreeDSDataTest" assertions="1" time="0.000174"/>
        <testcase name="testIsV2ReturnsTrueForVersion2" file="/app/tests/Domain/Attempt/ThreeDSDataTest.php" line="90" class="Tests\Domain\Attempt\ThreeDSDataTest" classname="Tests.Domain.Attempt.ThreeDSDataTest" assertions="2" time="0.000052"/>
        <testcase name="testIsV2ReturnsFalseForVersion1" file="/app/tests/Domain/Attempt/ThreeDSDataTest.php" line="96" class="Tests\Domain\Attempt\ThreeDSDataTest" classname="Tests.Domain.Attempt.ThreeDSDataTest" assertions="1" time="0.000042"/>
        <testcase name="testThreeDSAttemptCanTransitionToAwaitingConfirmation" file="/app/tests/Domain/Attempt/ThreeDSDataTest.php" line="101" class="Tests\Domain\Attempt\ThreeDSDataTest" classname="Tests.Domain.Attempt.ThreeDSDataTest" assertions="2" time="0.000581"/>
      </testsuite>
      <testsuite name="Tests\Domain\Money\CurrencyTest" file="/app/tests/Domain/Money/CurrencyTest.php" tests="17" assertions="20" errors="0" failures="0" skipped="0" time="0.001324">
        <testcase name="testValidThreeLetterFiatCodeIsAccepted" file="/app/tests/Domain/Money/CurrencyTest.php" line="13" class="Tests\Domain\Money\CurrencyTest" classname="Tests.Domain.Money.CurrencyTest" assertions="2" time="0.000095"/>
        <testcase name="testFourLetterCryptoCodeIsAccepted" file="/app/tests/Domain/Money/CurrencyTest.php" line="20" class="Tests\Domain\Money\CurrencyTest" classname="Tests.Domain.Money.CurrencyTest" assertions="2" time="0.000237"/>
        <testcase name="testTwoLetterCodeIsAccepted" file="/app/tests/Domain/Money/CurrencyTest.php" line="27" class="Tests\Domain\Money\CurrencyTest" classname="Tests.Domain.Money.CurrencyTest" assertions="1" time="0.000229"/>
        <testcase name="testAlphanumericCodeIsAccepted" file="/app/tests/Domain/Money/CurrencyTest.php" line="33" class="Tests\Domain\Money\CurrencyTest" classname="Tests.Domain.Money.CurrencyTest" assertions="1" time="0.000043"/>
        <testcase name="testZeroPrecisionIsAccepted" file="/app/tests/Domain/Money/CurrencyTest.php" line="39" class="Tests\Domain\Money\CurrencyTest" classname="Tests.Domain.Money.CurrencyTest" assertions="1" time="0.000049"/>
        <testcase name="testMaxPrecisionEighteenIsAccepted" file="/app/tests/Domain/Money/CurrencyTest.php" line="45" class="Tests\Domain\Money\CurrencyTest" classname="Tests.Domain.Money.CurrencyTest" assertions="1" time="0.000094"/>
        <testcase name="testEmptyCodeThrowsInvalidArgumentException" file="/app/tests/Domain/Money/CurrencyTest.php" line="51" class="Tests\Domain\Money\CurrencyTest" classname="Tests.Domain.Money.CurrencyTest" assertions="1" time="0.000082"/>
        <testcase name="testOneLetterCodeThrowsInvalidArgumentException" file="/app/tests/Domain/Money/CurrencyTest.php" line="57" class="Tests\Domain\Money\CurrencyTest" classname="Tests.Domain.Money.CurrencyTest" assertions="1" time="0.000046"/>
        <testcase name="testElevenLetterCodeThrowsInvalidArgumentException" file="/app/tests/Domain/Money/CurrencyTest.php" line="63" class="Tests\Domain\Money\CurrencyTest" classname="Tests.Domain.Money.CurrencyTest" assertions="1" time="0.000069"/>
        <testcase name="testLowercaseCodeThrowsInvalidArgumentException" file="/app/tests/Domain/Money/CurrencyTest.php" line="69" class="Tests\Domain\Money\CurrencyTest" classname="Tests.Domain.Money.CurrencyTest" assertions="1" time="0.000051"/>
        <testcase name="testCodeWithSpecialCharactersThrowsInvalidArgumentException" file="/app/tests/Domain/Money/CurrencyTest.php" line="75" class="Tests\Domain\Money\CurrencyTest" classname="Tests.Domain.Money.CurrencyTest" assertions="1" time="0.000059"/>
        <testcase name="testNegativePrecisionThrowsInvalidArgumentException" file="/app/tests/Domain/Money/CurrencyTest.php" line="81" class="Tests\Domain\Money\CurrencyTest" classname="Tests.Domain.Money.CurrencyTest" assertions="1" time="0.000041"/>
        <testcase name="testPrecisionAbove18ThrowsInvalidArgumentException" file="/app/tests/Domain/Money/CurrencyTest.php" line="87" class="Tests\Domain\Money\CurrencyTest" classname="Tests.Domain.Money.CurrencyTest" assertions="1" time="0.000058"/>
        <testcase name="testEqualsReturnsTrueForSameCodeAndPrecision" file="/app/tests/Domain/Money/CurrencyTest.php" line="95" class="Tests\Domain\Money\CurrencyTest" classname="Tests.Domain.Money.CurrencyTest" assertions="1" time="0.000043"/>
        <testcase name="testEqualsReturnsFalseForDifferentCode" file="/app/tests/Domain/Money/CurrencyTest.php" line="102" class="Tests\Domain\Money\CurrencyTest" classname="Tests.Domain.Money.CurrencyTest" assertions="1" time="0.000040"/>
        <testcase name="testEqualsReturnsFalseForSameCodeDifferentPrecision" file="/app/tests/Domain/Money/CurrencyTest.php" line="109" class="Tests\Domain\Money\CurrencyTest" classname="Tests.Domain.Money.CurrencyTest" assertions="1" time="0.000042"/>
        <testcase name="testToStringReturnsCode" file="/app/tests/Domain/Money/CurrencyTest.php" line="118" class="Tests\Domain\Money\CurrencyTest" classname="Tests.Domain.Money.CurrencyTest" assertions="2" time="0.000046"/>
      </testsuite>
      <testsuite name="Tests\Domain\Money\MoneyTest" file="/app/tests/Domain/Money/MoneyTest.php" tests="22" assertions="28" errors="0" failures="0" skipped="0" time="0.001822">
        <testcase name="testOfMinorStoresAmountCorrectly" file="/app/tests/Domain/Money/MoneyTest.php" line="21" class="Tests\Domain\Money\MoneyTest" classname="Tests.Domain.Money.MoneyTest" assertions="2" time="0.000161"/>
        <testsuite name="Tests\Domain\Money\MoneyTest::testOfDecimalUsesBcmathCorrectly" tests="5" assertions="5" errors="0" failures="0" skipped="0" time="0.000372">
          <testcase name="testOfDecimalUsesBcmathCorrectly with data set &quot;classic float bug 1.15&quot;" file="/app/tests/Domain/Money/MoneyTest.php" line="31" class="Tests\Domain\Money\MoneyTest" classname="Tests.Domain.Money.MoneyTest" assertions="1" time="0.000132"/>
          <testcase name="testOfDecimalUsesBcmathCorrectly with data set &quot;classic float bug 2.55&quot;" file="/app/tests/Domain/Money/MoneyTest.php" line="31" class="Tests\Domain\Money\MoneyTest" classname="Tests.Domain.Money.MoneyTest" assertions="1" time="0.000066"/>
          <testcase name="testOfDecimalUsesBcmathCorrectly with data set &quot;classic float bug 19.99&quot;" file="/app/tests/Domain/Money/MoneyTest.php" line="31" class="Tests\Domain\Money\MoneyTest" classname="Tests.Domain.Money.MoneyTest" assertions="1" time="0.000054"/>
          <testcase name="testOfDecimalUsesBcmathCorrectly with data set &quot;round number&quot;" file="/app/tests/Domain/Money/MoneyTest.php" line="31" class="Tests\Domain\Money\MoneyTest" classname="Tests.Domain.Money.MoneyTest" assertions="1" time="0.000064"/>
          <testcase name="testOfDecimalUsesBcmathCorrectly with data set &quot;zero cents&quot;" file="/app/tests/Domain/Money/MoneyTest.php" line="31" class="Tests\Domain\Money\MoneyTest" classname="Tests.Domain.Money.MoneyTest" assertions="1" time="0.000055"/>
        </testsuite>
        <testcase name="testAddReturnsSumInSameCurrency" file="/app/tests/Domain/Money/MoneyTest.php" line="48" class="Tests\Domain\Money\MoneyTest" classname="Tests.Domain.Money.MoneyTest" assertions="2" time="0.000153"/>
        <testcase name="testSubtractReturnsDifference" file="/app/tests/Domain/Money/MoneyTest.php" line="57" class="Tests\Domain\Money\MoneyTest" classname="Tests.Domain.Money.MoneyTest" assertions="1" time="0.000058"/>
        <testcase name="testIsGreaterThanWorksCorrectly" file="/app/tests/Domain/Money/MoneyTest.php" line="65" class="Tests\Domain\Money\MoneyTest" classname="Tests.Domain.Money.MoneyTest" assertions="3" time="0.000070"/>
        <testcase name="testIsZeroReturnsTrueForZeroAmount" file="/app/tests/Domain/Money/MoneyTest.php" line="74" class="Tests\Domain\Money\MoneyTest" classname="Tests.Domain.Money.MoneyTest" assertions="1" time="0.000043"/>
        <testcase name="testIsZeroReturnsFalseForNonZeroAmount" file="/app/tests/Domain/Money/MoneyTest.php" line="80" class="Tests\Domain\Money\MoneyTest" classname="Tests.Domain.Money.MoneyTest" assertions="1" time="0.000042"/>
        <testcase name="testEqualsComparesBothAmountAndCurrency" file="/app/tests/Domain/Money/MoneyTest.php" line="86" class="Tests\Domain\Money\MoneyTest" classname="Tests.Domain.Money.MoneyTest" assertions="3" time="0.000131"/>
        <testcase name="testAddWithDifferentCurrenciesThrowsInvalidArgumentException" file="/app/tests/Domain/Money/MoneyTest.php" line="98" class="Tests\Domain\Money\MoneyTest" classname="Tests.Domain.Money.MoneyTest" assertions="1" time="0.000159"/>
        <testcase name="testNegativeAmountInConstructorThrowsInvalidArgumentException" file="/app/tests/Domain/Money/MoneyTest.php" line="107" class="Tests\Domain\Money\MoneyTest" classname="Tests.Domain.Money.MoneyTest" assertions="1" time="0.000106"/>
        <testcase name="testToDecimalStringReturnsCorrectFormattedString" file="/app/tests/Domain/Money/MoneyTest.php" line="113" class="Tests\Domain\Money\MoneyTest" classname="Tests.Domain.Money.MoneyTest" assertions="1" time="0.000073"/>
        <testcase name="testToDecimalStringForRoundAmount" file="/app/tests/Domain/Money/MoneyTest.php" line="119" class="Tests\Domain\Money\MoneyTest" classname="Tests.Domain.Money.MoneyTest" assertions="1" time="0.000107"/>
        <testcase name="testToDecimalStringForZero" file="/app/tests/Domain/Money/MoneyTest.php" line="125" class="Tests\Domain\Money\MoneyTest" classname="Tests.Domain.Money.MoneyTest" assertions="1" time="0.000080"/>
        <testcase name="testOfDecimalForJpyUsesZeroDecimalPlaces" file="/app/tests/Domain/Money/MoneyTest.php" line="133" class="Tests\Domain\Money\MoneyTest" classname="Tests.Domain.Money.MoneyTest" assertions="1" time="0.000050"/>
        <testcase name="testOfDecimalForKrwUsesZeroDecimalPlaces" file="/app/tests/Domain/Money/MoneyTest.php" line="140" class="Tests\Domain\Money\MoneyTest" classname="Tests.Domain.Money.MoneyTest" assertions="1" time="0.000061"/>
        <testcase name="testOfDecimalForKwdUsesThreeDecimalPlaces" file="/app/tests/Domain/Money/MoneyTest.php" line="147" class="Tests\Domain\Money\MoneyTest" classname="Tests.Domain.Money.MoneyTest" assertions="1" time="0.000050"/>
        <testcase name="testToDecimalStringForJpyReturnsWholeNumber" file="/app/tests/Domain/Money/MoneyTest.php" line="154" class="Tests\Domain\Money\MoneyTest" classname="Tests.Domain.Money.MoneyTest" assertions="1" time="0.000060"/>
        <testcase name="testToDecimalStringForKwdReturnsThreeDecimalPlaces" file="/app/tests/Domain/Money/MoneyTest.php" line="161" class="Tests\Domain\Money\MoneyTest" classname="Tests.Domain.Money.MoneyTest" assertions="1" time="0.000048"/>
      </testsuite>
      <testsuite name="Tests\Domain\Payment\PaymentTest" file="/app/tests/Domain/Payment/PaymentTest.php" tests="29" assertions="45" errors="0" failures="0" skipped="0" time="0.012966">
        <testcase name="testCreateRecordsPaymentCreatedEvent" file="/app/tests/Domain/Payment/PaymentTest.php" line="46" class="Tests\Domain\Payment\PaymentTest" classname="Tests.Domain.Payment.PaymentTest" assertions="2" time="0.000108"/>
        <testcase name="testCreateWithZeroAmountThrowsInvalidArgumentException" file="/app/tests/Domain/Payment/PaymentTest.php" line="55" class="Tests\Domain\Payment\PaymentTest" classname="Tests.Domain.Payment.PaymentTest" assertions="1" time="0.000123"/>
        <testcase name="testInitialStatusIsPending" file="/app/tests/Domain/Payment/PaymentTest.php" line="65" class="Tests\Domain\Payment\PaymentTest" classname="Tests.Domain.Payment.PaymentTest" assertions="1" time="0.000098"/>
        <testcase name="testMarkProcessingTransitionsFromPendingToProcessing" file="/app/tests/Domain/Payment/PaymentTest.php" line="71" class="Tests\Domain\Payment\PaymentTest" classname="Tests.Domain.Payment.PaymentTest" assertions="1" time="0.002468"/>
        <testcase name="testMarkProcessingRecordsPaymentProcessingStartedEvent" file="/app/tests/Domain/Payment/PaymentTest.php" line="80" class="Tests\Domain\Payment\PaymentTest" classname="Tests.Domain.Payment.PaymentTest" assertions="2" time="0.000097"/>
        <testcase name="testMarkProcessingDoesNotRecordEventWhenNotPending" file="/app/tests/Domain/Payment/PaymentTest.php" line="92" class="Tests\Domain\Payment\PaymentTest" classname="Tests.Domain.Payment.PaymentTest" assertions="1" time="0.001006"/>
        <testcase name="testMarkProcessingIsIdempotentOnSecondCall" file="/app/tests/Domain/Payment/PaymentTest.php" line="102" class="Tests\Domain\Payment\PaymentTest" classname="Tests.Domain.Payment.PaymentTest" assertions="1" time="0.000081"/>
        <testcase name="testMarkProcessingDoesNothingWhenNotPending" file="/app/tests/Domain/Payment/PaymentTest.php" line="112" class="Tests\Domain\Payment\PaymentTest" classname="Tests.Domain.Payment.PaymentTest" assertions="1" time="0.000069"/>
        <testcase name="testMarkSucceededSetsStatusSucceededAndSuccessfulAttemptId" file="/app/tests/Domain/Payment/PaymentTest.php" line="123" class="Tests\Domain\Payment\PaymentTest" classname="Tests.Domain.Payment.PaymentTest" assertions="2" time="0.001337"/>
        <testcase name="testMarkSucceededIsIdempotentWhenAlreadyTerminal" file="/app/tests/Domain/Payment/PaymentTest.php" line="135" class="Tests\Domain\Payment\PaymentTest" classname="Tests.Domain.Payment.PaymentTest" assertions="1" time="0.000095"/>
        <testcase name="testMarkSucceededRecordsPaymentSucceededEvent" file="/app/tests/Domain/Payment/PaymentTest.php" line="149" class="Tests\Domain\Payment\PaymentTest" classname="Tests.Domain.Payment.PaymentTest" assertions="2" time="0.000071"/>
        <testcase name="testMarkFailedSetsStatusFailed" file="/app/tests/Domain/Payment/PaymentTest.php" line="162" class="Tests\Domain\Payment\PaymentTest" classname="Tests.Domain.Payment.PaymentTest" assertions="1" time="0.001311"/>
        <testcase name="testMarkFailedRecordsPaymentFailedEvent" file="/app/tests/Domain/Payment/PaymentTest.php" line="171" class="Tests\Domain\Payment\PaymentTest" classname="Tests.Domain.Payment.PaymentTest" assertions="2" time="0.000213"/>
        <testcase name="testMarkFailedIsNoOpWhenAlreadyTerminal" file="/app/tests/Domain/Payment/PaymentTest.php" line="183" class="Tests\Domain\Payment\PaymentTest" classname="Tests.Domain.Payment.PaymentTest" assertions="2" time="0.000111"/>
        <testcase name="testCancelSetsStatusCanceledAndRecordsPaymentCanceledEvent" file="/app/tests/Domain/Payment/PaymentTest.php" line="195" class="Tests\Domain\Payment\PaymentTest" classname="Tests.Domain.Payment.PaymentTest" assertions="3" time="0.001990"/>
        <testcase name="testCancelIsNoOpWhenAlreadyTerminal" file="/app/tests/Domain/Payment/PaymentTest.php" line="208" class="Tests\Domain\Payment\PaymentTest" classname="Tests.Domain.Payment.PaymentTest" assertions="2" time="0.000111"/>
        <testcase name="testExpireSetsStatusExpiredAndRecordsPaymentExpiredEvent" file="/app/tests/Domain/Payment/PaymentTest.php" line="222" class="Tests\Domain\Payment\PaymentTest" classname="Tests.Domain.Payment.PaymentTest" assertions="3" time="0.001240"/>
        <testcase name="testExpireIsIdempotentWhenAlreadyTerminal" file="/app/tests/Domain/Payment/PaymentTest.php" line="235" class="Tests\Domain\Payment\PaymentTest" classname="Tests.Domain.Payment.PaymentTest" assertions="2" time="0.000098"/>
        <testcase name="testIsExpiredReturnsTrueWhenExpiresAtIsInThePast" file="/app/tests/Domain/Payment/PaymentTest.php" line="248" class="Tests\Domain\Payment\PaymentTest" classname="Tests.Domain.Payment.PaymentTest" assertions="1" time="0.000066"/>
        <testcase name="testIsExpiredReturnsFalseWhenExpiresAtIsInTheFuture" file="/app/tests/Domain/Payment/PaymentTest.php" line="255" class="Tests\Domain\Payment\PaymentTest" classname="Tests.Domain.Payment.PaymentTest" assertions="1" time="0.000061"/>
        <testcase name="testIsExpiredReturnsFalseWhenExpiresAtIsNull" file="/app/tests/Domain/Payment/PaymentTest.php" line="262" class="Tests\Domain\Payment\PaymentTest" classname="Tests.Domain.Payment.PaymentTest" assertions="1" time="0.000089"/>
        <testcase name="testReleaseEventsClearsBufferOnSecondCall" file="/app/tests/Domain/Payment/PaymentTest.php" line="268" class="Tests\Domain\Payment\PaymentTest" classname="Tests.Domain.Payment.PaymentTest" assertions="2" time="0.000066"/>
        <testcase name="testGetVersionReturnsZeroOnNewPayment" file="/app/tests/Domain/Payment/PaymentTest.php" line="279" class="Tests\Domain\Payment\PaymentTest" classname="Tests.Domain.Payment.PaymentTest" assertions="1" time="0.000062"/>
        <testcase name="testIncrementVersionIncrementsOnEachCall" file="/app/tests/Domain/Payment/PaymentTest.php" line="285" class="Tests\Domain\Payment\PaymentTest" classname="Tests.Domain.Payment.PaymentTest" assertions="2" time="0.000057"/>
        <testcase name="testMarkRetryableMovesProcessingBackToPending" file="/app/tests/Domain/Payment/PaymentTest.php" line="296" class="Tests\Domain\Payment\PaymentTest" classname="Tests.Domain.Payment.PaymentTest" assertions="1" time="0.001549"/>
        <testcase name="testMarkRetryableRecordsPaymentRetryAvailableEvent" file="/app/tests/Domain/Payment/PaymentTest.php" line="306" class="Tests\Domain\Payment\PaymentTest" classname="Tests.Domain.Payment.PaymentTest" assertions="2" time="0.000109"/>
        <testcase name="testMarkRetryableIsNoOpWhenNotProcessing" file="/app/tests/Domain/Payment/PaymentTest.php" line="319" class="Tests\Domain\Payment\PaymentTest" classname="Tests.Domain.Payment.PaymentTest" assertions="2" time="0.000065"/>
        <testcase name="testMarkRetryableIsNoOpWhenAlreadyPending" file="/app/tests/Domain/Payment/PaymentTest.php" line="329" class="Tests\Domain\Payment\PaymentTest" classname="Tests.Domain.Payment.PaymentTest" assertions="1" time="0.000058"/>
        <testcase name="testMarkRetryableIsNoOpWhenTerminal" file="/app/tests/Domain/Payment/PaymentTest.php" line="338" class="Tests\Domain\Payment\PaymentTest" classname="Tests.Domain.Payment.PaymentTest" assertions="1" time="0.000155"/>
      </testsuite>
      <testsuite name="Tests\Domain\Refund\RefundTest" file="/app/tests/Domain/Refund/RefundTest.php" tests="10" assertions="12" errors="0" failures="0" skipped="0" time="0.023180">
        <testcase name="testCreateRecordsRefundInitiatedEvent" file="/app/tests/Domain/Refund/RefundTest.php" line="32" class="Tests\Domain\Refund\RefundTest" classname="Tests.Domain.Refund.RefundTest" assertions="2" time="0.016504"/>
        <testcase name="testInitialStatusIsPending" file="/app/tests/Domain/Refund/RefundTest.php" line="41" class="Tests\Domain\Refund\RefundTest" classname="Tests.Domain.Refund.RefundTest" assertions="1" time="0.000131"/>
        <testcase name="testTransitionPendingToProcessing" file="/app/tests/Domain/Refund/RefundTest.php" line="47" class="Tests\Domain\Refund\RefundTest" classname="Tests.Domain.Refund.RefundTest" assertions="1" time="0.001217"/>
        <testcase name="testTransitionToSucceededRecordsRefundSucceededEvent" file="/app/tests/Domain/Refund/RefundTest.php" line="57" class="Tests\Domain\Refund\RefundTest" classname="Tests.Domain.Refund.RefundTest" assertions="1" time="0.001779"/>
        <testcase name="testTransitionToFailedRecordsRefundFailedEvent" file="/app/tests/Domain/Refund/RefundTest.php" line="72" class="Tests\Domain\Refund\RefundTest" classname="Tests.Domain.Refund.RefundTest" assertions="1" time="0.001674"/>
        <testcase name="testCannotTransitionFromTerminalStatus" file="/app/tests/Domain/Refund/RefundTest.php" line="85" class="Tests\Domain\Refund\RefundTest" classname="Tests.Domain.Refund.RefundTest" assertions="1" time="0.001601"/>
        <testcase name="testCannotTransitionFromProcessingToPending" file="/app/tests/Domain/Refund/RefundTest.php" line="94" class="Tests\Domain\Refund\RefundTest" classname="Tests.Domain.Refund.RefundTest" assertions="1" time="0.000075"/>
        <testcase name="testSetProviderReference" file="/app/tests/Domain/Refund/RefundTest.php" line="103" class="Tests\Domain\Refund\RefundTest" classname="Tests.Domain.Refund.RefundTest" assertions="1" time="0.000053"/>
        <testcase name="testIncrementVersion" file="/app/tests/Domain/Refund/RefundTest.php" line="111" class="Tests\Domain\Refund\RefundTest" classname="Tests.Domain.Refund.RefundTest" assertions="2" time="0.000072"/>
        <testcase name="testGetAmountReturnsCorrectValue" file="/app/tests/Domain/Refund/RefundTest.php" line="121" class="Tests\Domain\Refund\RefundTest" classname="Tests.Domain.Refund.RefundTest" assertions="1" time="0.000074"/>
      </testsuite>
      <testsuite name="Tests\Domain\SavedPaymentMethod\SavedPaymentMethodTest" file="/app/tests/Domain/SavedPaymentMethod/SavedPaymentMethodTest.php" tests="12" assertions="18" errors="0" failures="0" skipped="0" time="0.014903">
        <testcase name="testCreateSetsActiveStatus" file="/app/tests/Domain/SavedPaymentMethod/SavedPaymentMethodTest.php" line="28" class="Tests\Domain\SavedPaymentMethod\SavedPaymentMethodTest" classname="Tests.Domain.SavedPaymentMethod.SavedPaymentMethodTest" assertions="1" time="0.010669"/>
        <testcase name="testCreateRecordsPaymentMethodSavedEvent" file="/app/tests/Domain/SavedPaymentMethod/SavedPaymentMethodTest.php" line="34" class="Tests\Domain\SavedPaymentMethod\SavedPaymentMethodTest" classname="Tests.Domain.SavedPaymentMethod.SavedPaymentMethodTest" assertions="2" time="0.000200"/>
        <testcase name="testPaymentMethodSavedEventHasCorrectFields" file="/app/tests/Domain/SavedPaymentMethod/SavedPaymentMethodTest.php" line="43" class="Tests\Domain\SavedPaymentMethod\SavedPaymentMethodTest" classname="Tests.Domain.SavedPaymentMethod.SavedPaymentMethodTest" assertions="4" time="0.000086"/>
        <testcase name="testGetMethodTypeReturnsCard" file="/app/tests/Domain/SavedPaymentMethod/SavedPaymentMethodTest.php" line="58" class="Tests\Domain\SavedPaymentMethod\SavedPaymentMethodTest" classname="Tests.Domain.SavedPaymentMethod.SavedPaymentMethodTest" assertions="1" time="0.000062"/>
        <testcase name="testGetProviderTokenReturnsToken" file="/app/tests/Domain/SavedPaymentMethod/SavedPaymentMethodTest.php" line="63" class="Tests\Domain\SavedPaymentMethod\SavedPaymentMethodTest" classname="Tests.Domain.SavedPaymentMethod.SavedPaymentMethodTest" assertions="1" time="0.000065"/>
        <testcase name="testIsUsableReturnsTrueWhenActive" file="/app/tests/Domain/SavedPaymentMethod/SavedPaymentMethodTest.php" line="68" class="Tests\Domain\SavedPaymentMethod\SavedPaymentMethodTest" classname="Tests.Domain.SavedPaymentMethod.SavedPaymentMethodTest" assertions="1" time="0.000171"/>
        <testcase name="testRemoveTransitionsToRemovedStatus" file="/app/tests/Domain/SavedPaymentMethod/SavedPaymentMethodTest.php" line="73" class="Tests\Domain\SavedPaymentMethod\SavedPaymentMethodTest" classname="Tests.Domain.SavedPaymentMethod.SavedPaymentMethodTest" assertions="1" time="0.001971"/>
        <testcase name="testRemoveRecordsPaymentMethodRemovedEvent" file="/app/tests/Domain/SavedPaymentMethod/SavedPaymentMethodTest.php" line="83" class="Tests\Domain\SavedPaymentMethod\SavedPaymentMethodTest" classname="Tests.Domain.SavedPaymentMethod.SavedPaymentMethodTest" assertions="2" time="0.000106"/>
        <testcase name="testRemoveIsIdempotent" file="/app/tests/Domain/SavedPaymentMethod/SavedPaymentMethodTest.php" line="95" class="Tests\Domain\SavedPaymentMethod\SavedPaymentMethodTest" classname="Tests.Domain.SavedPaymentMethod.SavedPaymentMethodTest" assertions="2" time="0.000069"/>
        <testcase name="testRemovedMethodIsNotUsable" file="/app/tests/Domain/SavedPaymentMethod/SavedPaymentMethodTest.php" line="108" class="Tests\Domain\SavedPaymentMethod\SavedPaymentMethodTest" classname="Tests.Domain.SavedPaymentMethod.SavedPaymentMethodTest" assertions="1" time="0.000280"/>
        <testcase name="testExpireTransitionsToExpiredStatus" file="/app/tests/Domain/SavedPaymentMethod/SavedPaymentMethodTest.php" line="116" class="Tests\Domain\SavedPaymentMethod\SavedPaymentMethodTest" classname="Tests.Domain.SavedPaymentMethod.SavedPaymentMethodTest" assertions="1" time="0.001161"/>
        <testcase name="testExpiredMethodIsNotUsable" file="/app/tests/Domain/SavedPaymentMethod/SavedPaymentMethodTest.php" line="124" class="Tests\Domain\SavedPaymentMethod\SavedPaymentMethodTest" classname="Tests.Domain.SavedPaymentMethod.SavedPaymentMethodTest" assertions="1" time="0.000062"/>
      </testsuite>
    </testsuite>
    <testsuite name="Application Tests" tests="126" assertions="139" errors="0" failures="0" skipped="0" time="0.251439">
      <testsuite name="Tests\Application\UseCase\Card\CaptureCardAttemptUseCaseTest" file="/app/tests/Application/UseCase/Card/CaptureCardAttemptUseCaseTest.php" tests="8" assertions="9" errors="0" failures="0" skipped="0" time="0.063190">
        <testcase name="testProviderCalledWithProviderReference" file="/app/tests/Application/UseCase/Card/CaptureCardAttemptUseCaseTest.php" line="77" class="Tests\Application\UseCase\Card\CaptureCardAttemptUseCaseTest" classname="Tests.Application.UseCase.Card.CaptureCardAttemptUseCaseTest" assertions="1" time="0.058596"/>
        <testcase name="testPaymentMarkedSucceededOnSyncCapture" file="/app/tests/Application/UseCase/Card/CaptureCardAttemptUseCaseTest.php" line="92" class="Tests\Application\UseCase\Card\CaptureCardAttemptUseCaseTest" classname="Tests.Application.UseCase.Card.CaptureCardAttemptUseCaseTest" assertions="1" time="0.000264"/>
        <testcase name="testPaymentNotTouchedOnAsyncCapture" file="/app/tests/Application/UseCase/Card/CaptureCardAttemptUseCaseTest.php" line="108" class="Tests\Application\UseCase\Card\CaptureCardAttemptUseCaseTest" classname="Tests.Application.UseCase.Card.CaptureCardAttemptUseCaseTest" assertions="1" time="0.000170"/>
        <testcase name="testPartialAmountPassedToProvider" file="/app/tests/Application/UseCase/Card/CaptureCardAttemptUseCaseTest.php" line="123" class="Tests\Application\UseCase\Card\CaptureCardAttemptUseCaseTest" classname="Tests.Application.UseCase.Card.CaptureCardAttemptUseCaseTest" assertions="1" time="0.000175"/>
        <testcase name="testThrowsWhenAttemptNotFound" file="/app/tests/Application/UseCase/Card/CaptureCardAttemptUseCaseTest.php" line="139" class="Tests\Application\UseCase\Card\CaptureCardAttemptUseCaseTest" classname="Tests.Application.UseCase.Card.CaptureCardAttemptUseCaseTest" assertions="1" time="0.003462"/>
        <testcase name="testPaymentMarkedRetryableWhenCaptureFails" file="/app/tests/Application/UseCase/Card/CaptureCardAttemptUseCaseTest.php" line="147" class="Tests\Application\UseCase\Card\CaptureCardAttemptUseCaseTest" classname="Tests.Application.UseCase.Card.CaptureCardAttemptUseCaseTest" assertions="2" time="0.000258"/>
        <testcase name="testPaymentNotTouchedOnNonTerminalCapture" file="/app/tests/Application/UseCase/Card/CaptureCardAttemptUseCaseTest.php" line="165" class="Tests\Application\UseCase\Card\CaptureCardAttemptUseCaseTest" classname="Tests.Application.UseCase.Card.CaptureCardAttemptUseCaseTest" assertions="1" time="0.000149"/>
        <testcase name="testThrowsWhenAttemptNotAuthorized" file="/app/tests/Application/UseCase/Card/CaptureCardAttemptUseCaseTest.php" line="180" class="Tests\Application\UseCase\Card\CaptureCardAttemptUseCaseTest" classname="Tests.Application.UseCase.Card.CaptureCardAttemptUseCaseTest" assertions="1" time="0.000116"/>
      </testsuite>
      <testsuite name="Tests\Application\UseCase\Card\InitiateCardAttemptUseCaseTest" file="/app/tests/Application/UseCase/Card/InitiateCardAttemptUseCaseTest.php" tests="10" assertions="10" errors="0" failures="0" skipped="0" time="0.012706">
        <testcase name="testExecuteReturnsCardPaymentAttempt" file="/app/tests/Application/UseCase/Card/InitiateCardAttemptUseCaseTest.php" line="92" class="Tests\Application\UseCase\Card\InitiateCardAttemptUseCaseTest" classname="Tests.Application.UseCase.Card.InitiateCardAttemptUseCaseTest" assertions="1" time="0.006837"/>
        <testcase name="testExecuteCallsProviderWithContext" file="/app/tests/Application/UseCase/Card/InitiateCardAttemptUseCaseTest.php" line="103" class="Tests\Application\UseCase\Card\InitiateCardAttemptUseCaseTest" classname="Tests.Application.UseCase.Card.InitiateCardAttemptUseCaseTest" assertions="1" time="0.000247"/>
        <testcase name="testExecuteMarksPaymentAsProcessing" file="/app/tests/Application/UseCase/Card/InitiateCardAttemptUseCaseTest.php" line="130" class="Tests\Application\UseCase\Card\InitiateCardAttemptUseCaseTest" classname="Tests.Application.UseCase.Card.InitiateCardAttemptUseCaseTest" assertions="1" time="0.000153"/>
        <testcase name="testExecuteSavesAttempt" file="/app/tests/Application/UseCase/Card/InitiateCardAttemptUseCaseTest.php" line="141" class="Tests\Application\UseCase\Card\InitiateCardAttemptUseCaseTest" classname="Tests.Application.UseCase.Card.InitiateCardAttemptUseCaseTest" assertions="1" time="0.000149"/>
        <testcase name="testExecuteDispatchesEvents" file="/app/tests/Application/UseCase/Card/InitiateCardAttemptUseCaseTest.php" line="155" class="Tests\Application\UseCase\Card\InitiateCardAttemptUseCaseTest" classname="Tests.Application.UseCase.Card.InitiateCardAttemptUseCaseTest" assertions="1" time="0.000129"/>
        <testcase name="testThrowsWhenPaymentNotFound" file="/app/tests/Application/UseCase/Card/InitiateCardAttemptUseCaseTest.php" line="169" class="Tests\Application\UseCase\Card\InitiateCardAttemptUseCaseTest" classname="Tests.Application.UseCase.Card.InitiateCardAttemptUseCaseTest" assertions="1" time="0.001452"/>
        <testcase name="testThrowsWhenPaymentExpired" file="/app/tests/Application/UseCase/Card/InitiateCardAttemptUseCaseTest.php" line="179" class="Tests\Application\UseCase\Card\InitiateCardAttemptUseCaseTest" classname="Tests.Application.UseCase.Card.InitiateCardAttemptUseCaseTest" assertions="1" time="0.001266"/>
        <testcase name="testThrowsWhenPaymentIsTerminal" file="/app/tests/Application/UseCase/Card/InitiateCardAttemptUseCaseTest.php" line="189" class="Tests\Application\UseCase\Card\InitiateCardAttemptUseCaseTest" classname="Tests.Application.UseCase.Card.InitiateCardAttemptUseCaseTest" assertions="1" time="0.000166"/>
        <testcase name="testThrowsWhenActiveAttemptExists" file="/app/tests/Application/UseCase/Card/InitiateCardAttemptUseCaseTest.php" line="201" class="Tests\Application\UseCase\Card\InitiateCardAttemptUseCaseTest" classname="Tests.Application.UseCase.Card.InitiateCardAttemptUseCaseTest" assertions="1" time="0.001865"/>
        <testcase name="testAllowsRetryAfterTerminalAttempt" file="/app/tests/Application/UseCase/Card/InitiateCardAttemptUseCaseTest.php" line="213" class="Tests\Application\UseCase\Card\InitiateCardAttemptUseCaseTest" classname="Tests.Application.UseCase.Card.InitiateCardAttemptUseCaseTest" assertions="1" time="0.000443"/>
      </testsuite>
      <testsuite name="Tests\Application\UseCase\Card\InitiateCardAttemptWithSavedMethodUseCaseTest" file="/app/tests/Application/UseCase/Card/InitiateCardAttemptWithSavedMethodUseCaseTest.php" tests="8" assertions="8" errors="0" failures="0" skipped="0" time="0.007504">
        <testcase name="testExecuteReturnsCardPaymentAttempt" file="/app/tests/Application/UseCase/Card/InitiateCardAttemptWithSavedMethodUseCaseTest.php" line="106" class="Tests\Application\UseCase\Card\InitiateCardAttemptWithSavedMethodUseCaseTest" classname="Tests.Application.UseCase.Card.InitiateCardAttemptWithSavedMethodUseCaseTest" assertions="1" time="0.005057"/>
        <testcase name="testExecutePassesProviderTokenToProvider" file="/app/tests/Application/UseCase/Card/InitiateCardAttemptWithSavedMethodUseCaseTest.php" line="118" class="Tests\Application\UseCase\Card\InitiateCardAttemptWithSavedMethodUseCaseTest" classname="Tests.Application.UseCase.Card.InitiateCardAttemptWithSavedMethodUseCaseTest" assertions="1" time="0.000242"/>
        <testcase name="testExecuteMarksPaymentAsProcessing" file="/app/tests/Application/UseCase/Card/InitiateCardAttemptWithSavedMethodUseCaseTest.php" line="143" class="Tests\Application\UseCase\Card\InitiateCardAttemptWithSavedMethodUseCaseTest" classname="Tests.Application.UseCase.Card.InitiateCardAttemptWithSavedMethodUseCaseTest" assertions="1" time="0.000170"/>
        <testcase name="testExecuteSavesAttempt" file="/app/tests/Application/UseCase/Card/InitiateCardAttemptWithSavedMethodUseCaseTest.php" line="155" class="Tests\Application\UseCase\Card\InitiateCardAttemptWithSavedMethodUseCaseTest" classname="Tests.Application.UseCase.Card.InitiateCardAttemptWithSavedMethodUseCaseTest" assertions="1" time="0.000158"/>
        <testcase name="testThrowsWhenPaymentNotFound" file="/app/tests/Application/UseCase/Card/InitiateCardAttemptWithSavedMethodUseCaseTest.php" line="170" class="Tests\Application\UseCase\Card\InitiateCardAttemptWithSavedMethodUseCaseTest" classname="Tests.Application.UseCase.Card.InitiateCardAttemptWithSavedMethodUseCaseTest" assertions="1" time="0.000127"/>
        <testcase name="testThrowsWhenSavedMethodNotFound" file="/app/tests/Application/UseCase/Card/InitiateCardAttemptWithSavedMethodUseCaseTest.php" line="181" class="Tests\Application\UseCase\Card\InitiateCardAttemptWithSavedMethodUseCaseTest" classname="Tests.Application.UseCase.Card.InitiateCardAttemptWithSavedMethodUseCaseTest" assertions="1" time="0.001369"/>
        <testcase name="testThrowsWhenSavedMethodNotUsable" file="/app/tests/Application/UseCase/Card/InitiateCardAttemptWithSavedMethodUseCaseTest.php" line="192" class="Tests\Application\UseCase\Card\InitiateCardAttemptWithSavedMethodUseCaseTest" classname="Tests.Application.UseCase.Card.InitiateCardAttemptWithSavedMethodUseCaseTest" assertions="1" time="0.000233"/>
        <testcase name="testThrowsWhenActiveAttemptExists" file="/app/tests/Application/UseCase/Card/InitiateCardAttemptWithSavedMethodUseCaseTest.php" line="216" class="Tests\Application\UseCase\Card\InitiateCardAttemptWithSavedMethodUseCaseTest" classname="Tests.Application.UseCase.Card.InitiateCardAttemptWithSavedMethodUseCaseTest" assertions="1" time="0.000148"/>
      </testsuite>
      <testsuite name="Tests\Application\UseCase\Card\InitiateCardRefundUseCaseTest" file="/app/tests/Application/UseCase/Card/InitiateCardRefundUseCaseTest.php" tests="8" assertions="8" errors="0" failures="0" skipped="0" time="0.016851">
        <testcase name="testExecuteReturnsCardRefund" file="/app/tests/Application/UseCase/Card/InitiateCardRefundUseCaseTest.php" line="100" class="Tests\Application\UseCase\Card\InitiateCardRefundUseCaseTest" classname="Tests.Application.UseCase.Card.InitiateCardRefundUseCaseTest" assertions="1" time="0.009704"/>
        <testcase name="testExecuteCallsForCardOnRegistry" file="/app/tests/Application/UseCase/Card/InitiateCardRefundUseCaseTest.php" line="116" class="Tests\Application\UseCase\Card\InitiateCardRefundUseCaseTest" classname="Tests.Application.UseCase.Card.InitiateCardRefundUseCaseTest" assertions="1" time="0.000740"/>
        <testcase name="testExecuteSavesRefund" file="/app/tests/Application/UseCase/Card/InitiateCardRefundUseCaseTest.php" line="135" class="Tests\Application\UseCase\Card\InitiateCardRefundUseCaseTest" classname="Tests.Application.UseCase.Card.InitiateCardRefundUseCaseTest" assertions="1" time="0.000283"/>
        <testcase name="testExecuteDispatchesEvents" file="/app/tests/Application/UseCase/Card/InitiateCardRefundUseCaseTest.php" line="154" class="Tests\Application\UseCase\Card\InitiateCardRefundUseCaseTest" classname="Tests.Application.UseCase.Card.InitiateCardRefundUseCaseTest" assertions="1" time="0.000171"/>
        <testcase name="testExecutePassesContextToProvider" file="/app/tests/Application/UseCase/Card/InitiateCardRefundUseCaseTest.php" line="172" class="Tests\Application\UseCase\Card\InitiateCardRefundUseCaseTest" classname="Tests.Application.UseCase.Card.InitiateCardRefundUseCaseTest" assertions="1" time="0.001956"/>
        <testcase name="testThrowsWhenPaymentNotFound" file="/app/tests/Application/UseCase/Card/InitiateCardRefundUseCaseTest.php" line="205" class="Tests\Application\UseCase\Card\InitiateCardRefundUseCaseTest" classname="Tests.Application.UseCase.Card.InitiateCardRefundUseCaseTest" assertions="1" time="0.000261"/>
        <testcase name="testThrowsWhenPaymentNotRefundable" file="/app/tests/Application/UseCase/Card/InitiateCardRefundUseCaseTest.php" line="217" class="Tests\Application\UseCase\Card\InitiateCardRefundUseCaseTest" classname="Tests.Application.UseCase.Card.InitiateCardRefundUseCaseTest" assertions="1" time="0.001381"/>
        <testcase name="testThrowsWhenRefundExceedsAmount" file="/app/tests/Application/UseCase/Card/InitiateCardRefundUseCaseTest.php" line="236" class="Tests\Application\UseCase\Card\InitiateCardRefundUseCaseTest" classname="Tests.Application.UseCase.Card.InitiateCardRefundUseCaseTest" assertions="1" time="0.002354"/>
      </testsuite>
      <testsuite name="Tests\Application\UseCase\Card\SavePaymentMethodUseCaseTest" file="/app/tests/Application/UseCase/Card/SavePaymentMethodUseCaseTest.php" tests="8" assertions="8" errors="0" failures="0" skipped="0" time="0.006625">
        <testcase name="testExecuteReturnsSavedPaymentMethod" file="/app/tests/Application/UseCase/Card/SavePaymentMethodUseCaseTest.php" line="87" class="Tests\Application\UseCase\Card\SavePaymentMethodUseCaseTest" classname="Tests.Application.UseCase.Card.SavePaymentMethodUseCaseTest" assertions="1" time="0.004649"/>
        <testcase name="testExecuteCallsForCardOnRegistry" file="/app/tests/Application/UseCase/Card/SavePaymentMethodUseCaseTest.php" line="101" class="Tests\Application\UseCase\Card\SavePaymentMethodUseCaseTest" classname="Tests.Application.UseCase.Card.SavePaymentMethodUseCaseTest" assertions="1" time="0.000844"/>
        <testcase name="testExecuteSavesMethodToRepository" file="/app/tests/Application/UseCase/Card/SavePaymentMethodUseCaseTest.php" line="118" class="Tests\Application\UseCase\Card\SavePaymentMethodUseCaseTest" classname="Tests.Application.UseCase.Card.SavePaymentMethodUseCaseTest" assertions="1" time="0.000359"/>
        <testcase name="testExecuteDispatchesEvents" file="/app/tests/Application/UseCase/Card/SavePaymentMethodUseCaseTest.php" line="135" class="Tests\Application\UseCase\Card\SavePaymentMethodUseCaseTest" classname="Tests.Application.UseCase.Card.SavePaymentMethodUseCaseTest" assertions="1" time="0.000160"/>
        <testcase name="testThrowsWhenAttemptNotFound" file="/app/tests/Application/UseCase/Card/SavePaymentMethodUseCaseTest.php" line="158" class="Tests\Application\UseCase\Card\SavePaymentMethodUseCaseTest" classname="Tests.Application.UseCase.Card.SavePaymentMethodUseCaseTest" assertions="1" time="0.000166"/>
        <testcase name="testThrowsWhenAttemptIsNotCardAttempt" file="/app/tests/Application/UseCase/Card/SavePaymentMethodUseCaseTest.php" line="168" class="Tests\Application\UseCase\Card\SavePaymentMethodUseCaseTest" classname="Tests.Application.UseCase.Card.SavePaymentMethodUseCaseTest" assertions="1" time="0.000134"/>
        <testcase name="testThrowsWhenAttemptNotSucceeded" file="/app/tests/Application/UseCase/Card/SavePaymentMethodUseCaseTest.php" line="187" class="Tests\Application\UseCase\Card\SavePaymentMethodUseCaseTest" classname="Tests.Application.UseCase.Card.SavePaymentMethodUseCaseTest" assertions="1" time="0.000186"/>
        <testcase name="testThrowsWhenAttemptHasNoProviderReference" file="/app/tests/Application/UseCase/Card/SavePaymentMethodUseCaseTest.php" line="206" class="Tests\Application\UseCase\Card\SavePaymentMethodUseCaseTest" classname="Tests.Application.UseCase.Card.SavePaymentMethodUseCaseTest" assertions="1" time="0.000127"/>
      </testsuite>
      <testsuite name="Tests\Application\UseCase\Card\VoidCardAttemptUseCaseTest" file="/app/tests/Application/UseCase/Card/VoidCardAttemptUseCaseTest.php" tests="5" assertions="5" errors="0" failures="0" skipped="0" time="0.004700">
        <testcase name="testVoidCallsProviderWithProviderReference" file="/app/tests/Application/UseCase/Card/VoidCardAttemptUseCaseTest.php" line="80" class="Tests\Application\UseCase\Card\VoidCardAttemptUseCaseTest" classname="Tests.Application.UseCase.Card.VoidCardAttemptUseCaseTest" assertions="1" time="0.004065"/>
        <testcase name="testAttemptTransitionsToCanceled" file="/app/tests/Application/UseCase/Card/VoidCardAttemptUseCaseTest.php" line="97" class="Tests\Application\UseCase\Card\VoidCardAttemptUseCaseTest" classname="Tests.Application.UseCase.Card.VoidCardAttemptUseCaseTest" assertions="1" time="0.000172"/>
        <testcase name="testPaymentReturnsToPendingAfterVoid" file="/app/tests/Application/UseCase/Card/VoidCardAttemptUseCaseTest.php" line="110" class="Tests\Application\UseCase\Card\VoidCardAttemptUseCaseTest" classname="Tests.Application.UseCase.Card.VoidCardAttemptUseCaseTest" assertions="1" time="0.000190"/>
        <testcase name="testThrowsWhenAttemptNotFound" file="/app/tests/Application/UseCase/Card/VoidCardAttemptUseCaseTest.php" line="123" class="Tests\Application\UseCase\Card\VoidCardAttemptUseCaseTest" classname="Tests.Application.UseCase.Card.VoidCardAttemptUseCaseTest" assertions="1" time="0.000152"/>
        <testcase name="testThrowsWhenAttemptNotAuthorized" file="/app/tests/Application/UseCase/Card/VoidCardAttemptUseCaseTest.php" line="131" class="Tests\Application\UseCase\Card\VoidCardAttemptUseCaseTest" classname="Tests.Application.UseCase.Card.VoidCardAttemptUseCaseTest" assertions="1" time="0.000121"/>
      </testsuite>
      <testsuite name="Tests\Application\UseCase\Cash\InitiateCashAttemptUseCaseTest" file="/app/tests/Application/UseCase/Cash/InitiateCashAttemptUseCaseTest.php" tests="8" assertions="8" errors="0" failures="0" skipped="0" time="0.007178">
        <testcase name="testExecuteReturnsCashPaymentAttempt" file="/app/tests/Application/UseCase/Cash/InitiateCashAttemptUseCaseTest.php" line="91" class="Tests\Application\UseCase\Cash\InitiateCashAttemptUseCaseTest" classname="Tests.Application.UseCase.Cash.InitiateCashAttemptUseCaseTest" assertions="1" time="0.006126"/>
        <testcase name="testExecuteCallsProviderWithContext" file="/app/tests/Application/UseCase/Cash/InitiateCashAttemptUseCaseTest.php" line="102" class="Tests\Application\UseCase\Cash\InitiateCashAttemptUseCaseTest" classname="Tests.Application.UseCase.Cash.InitiateCashAttemptUseCaseTest" assertions="1" time="0.000232"/>
        <testcase name="testExecuteMarksPaymentAsProcessing" file="/app/tests/Application/UseCase/Cash/InitiateCashAttemptUseCaseTest.php" line="129" class="Tests\Application\UseCase\Cash\InitiateCashAttemptUseCaseTest" classname="Tests.Application.UseCase.Cash.InitiateCashAttemptUseCaseTest" assertions="1" time="0.000166"/>
        <testcase name="testExecuteSavesAttempt" file="/app/tests/Application/UseCase/Cash/InitiateCashAttemptUseCaseTest.php" line="140" class="Tests\Application\UseCase\Cash\InitiateCashAttemptUseCaseTest" classname="Tests.Application.UseCase.Cash.InitiateCashAttemptUseCaseTest" assertions="1" time="0.000150"/>
        <testcase name="testThrowsWhenPaymentNotFound" file="/app/tests/Application/UseCase/Cash/InitiateCashAttemptUseCaseTest.php" line="154" class="Tests\Application\UseCase\Cash\InitiateCashAttemptUseCaseTest" classname="Tests.Application.UseCase.Cash.InitiateCashAttemptUseCaseTest" assertions="1" time="0.000115"/>
        <testcase name="testThrowsWhenPaymentExpired" file="/app/tests/Application/UseCase/Cash/InitiateCashAttemptUseCaseTest.php" line="165" class="Tests\Application\UseCase\Cash\InitiateCashAttemptUseCaseTest" classname="Tests.Application.UseCase.Cash.InitiateCashAttemptUseCaseTest" assertions="1" time="0.000116"/>
        <testcase name="testThrowsWhenActiveAttemptExists" file="/app/tests/Application/UseCase/Cash/InitiateCashAttemptUseCaseTest.php" line="174" class="Tests\Application\UseCase\Cash\InitiateCashAttemptUseCaseTest" classname="Tests.Application.UseCase.Cash.InitiateCashAttemptUseCaseTest" assertions="1" time="0.000124"/>
        <testcase name="testAllowsRetryAfterTerminalAttempt" file="/app/tests/Application/UseCase/Cash/InitiateCashAttemptUseCaseTest.php" line="186" class="Tests\Application\UseCase\Cash\InitiateCashAttemptUseCaseTest" classname="Tests.Application.UseCase.Cash.InitiateCashAttemptUseCaseTest" assertions="1" time="0.000149"/>
      </testsuite>
      <testsuite name="Tests\Application\UseCase\Cash\InitiateCashRefundUseCaseTest" file="/app/tests/Application/UseCase/Cash/InitiateCashRefundUseCaseTest.php" tests="8" assertions="8" errors="0" failures="0" skipped="0" time="0.010289">
        <testcase name="testExecuteReturnsCashRefund" file="/app/tests/Application/UseCase/Cash/InitiateCashRefundUseCaseTest.php" line="100" class="Tests\Application\UseCase\Cash\InitiateCashRefundUseCaseTest" classname="Tests.Application.UseCase.Cash.InitiateCashRefundUseCaseTest" assertions="1" time="0.008774"/>
        <testcase name="testExecuteCallsForCashOnRegistry" file="/app/tests/Application/UseCase/Cash/InitiateCashRefundUseCaseTest.php" line="116" class="Tests\Application\UseCase\Cash\InitiateCashRefundUseCaseTest" classname="Tests.Application.UseCase.Cash.InitiateCashRefundUseCaseTest" assertions="1" time="0.000612"/>
        <testcase name="testExecuteSavesRefund" file="/app/tests/Application/UseCase/Cash/InitiateCashRefundUseCaseTest.php" line="135" class="Tests\Application\UseCase\Cash\InitiateCashRefundUseCaseTest" classname="Tests.Application.UseCase.Cash.InitiateCashRefundUseCaseTest" assertions="1" time="0.000211"/>
        <testcase name="testExecuteDispatchesEvents" file="/app/tests/Application/UseCase/Cash/InitiateCashRefundUseCaseTest.php" line="154" class="Tests\Application\UseCase\Cash\InitiateCashRefundUseCaseTest" classname="Tests.Application.UseCase.Cash.InitiateCashRefundUseCaseTest" assertions="1" time="0.000140"/>
[...]
        <testcase name="testExecuteReturnsCryptoRefund" file="/app/tests/Application/UseCase/Crypto/InitiateCryptoRefundUseCaseTest.php" line="105" class="Tests\Application\UseCase\Crypto\InitiateCryptoRefundUseCaseTest" classname="Tests.Application.UseCase.Crypto.InitiateCryptoRefundUseCaseTest" assertions="1" time="0.008240"/>
        <testcase name="testExecuteCallsForCryptoOnRegistry" file="/app/tests/Application/UseCase/Crypto/InitiateCryptoRefundUseCaseTest.php" line="122" class="Tests\Application\UseCase\Crypto\InitiateCryptoRefundUseCaseTest" classname="Tests.Application.UseCase.Crypto.InitiateCryptoRefundUseCaseTest" assertions="1" time="0.000642"/>
        <testcase name="testExecuteSavesRefund" file="/app/tests/Application/UseCase/Crypto/InitiateCryptoRefundUseCaseTest.php" line="142" class="Tests\Application\UseCase\Crypto\InitiateCryptoRefundUseCaseTest" classname="Tests.Application.UseCase.Crypto.InitiateCryptoRefundUseCaseTest" assertions="1" time="0.000192"/>
        <testcase name="testExecuteDispatchesEvents" file="/app/tests/Application/UseCase/Crypto/InitiateCryptoRefundUseCaseTest.php" line="162" class="Tests\Application\UseCase\Crypto\InitiateCryptoRefundUseCaseTest" classname="Tests.Application.UseCase.Crypto.InitiateCryptoRefundUseCaseTest" assertions="1" time="0.000181"/>
        <testcase name="testExecutePassesContextToProvider" file="/app/tests/Application/UseCase/Crypto/InitiateCryptoRefundUseCaseTest.php" line="181" class="Tests\Application\UseCase\Crypto\InitiateCryptoRefundUseCaseTest" classname="Tests.Application.UseCase.Crypto.InitiateCryptoRefundUseCaseTest" assertions="1" time="0.000193"/>
        <testcase name="testThrowsWhenPaymentNotFound" file="/app/tests/Application/UseCase/Crypto/InitiateCryptoRefundUseCaseTest.php" line="214" class="Tests\Application\UseCase\Crypto\InitiateCryptoRefundUseCaseTest" classname="Tests.Application.UseCase.Crypto.InitiateCryptoRefundUseCaseTest" assertions="1" time="0.000128"/>
        <testcase name="testThrowsWhenPaymentNotRefundable" file="/app/tests/Application/UseCase/Crypto/InitiateCryptoRefundUseCaseTest.php" line="227" class="Tests\Application\UseCase\Crypto\InitiateCryptoRefundUseCaseTest" classname="Tests.Application.UseCase.Crypto.InitiateCryptoRefundUseCaseTest" assertions="1" time="0.000113"/>
        <testcase name="testThrowsWhenRefundExceedsAmount" file="/app/tests/Application/UseCase/Crypto/InitiateCryptoRefundUseCaseTest.php" line="247" class="Tests\Application\UseCase\Crypto\InitiateCryptoRefundUseCaseTest" classname="Tests.Application.UseCase.Crypto.InitiateCryptoRefundUseCaseTest" assertions="1" time="0.000133"/>
      </testsuite>
      <testsuite name="Tests\Application\UseCase\P2P\InitiateP2PAttemptUseCaseTest" file="/app/tests/Application/UseCase/P2P/InitiateP2PAttemptUseCaseTest.php" tests="8" assertions="8" errors="0" failures="0" skipped="0" time="0.007456">
        <testcase name="testExecuteReturnsP2PPaymentAttempt" file="/app/tests/Application/UseCase/P2P/InitiateP2PAttemptUseCaseTest.php" line="91" class="Tests\Application\UseCase\P2P\InitiateP2PAttemptUseCaseTest" classname="Tests.Application.UseCase.P2P.InitiateP2PAttemptUseCaseTest" assertions="1" time="0.006305"/>
        <testcase name="testExecuteCallsProviderWithContext" file="/app/tests/Application/UseCase/P2P/InitiateP2PAttemptUseCaseTest.php" line="102" class="Tests\Application\UseCase\P2P\InitiateP2PAttemptUseCaseTest" classname="Tests.Application.UseCase.P2P.InitiateP2PAttemptUseCaseTest" assertions="1" time="0.000316"/>
        <testcase name="testExecuteMarksPaymentAsProcessing" file="/app/tests/Application/UseCase/P2P/InitiateP2PAttemptUseCaseTest.php" line="129" class="Tests\Application\UseCase\P2P\InitiateP2PAttemptUseCaseTest" classname="Tests.Application.UseCase.P2P.InitiateP2PAttemptUseCaseTest" assertions="1" time="0.000159"/>
        <testcase name="testExecuteSavesAttempt" file="/app/tests/Application/UseCase/P2P/InitiateP2PAttemptUseCaseTest.php" line="140" class="Tests\Application\UseCase\P2P\InitiateP2PAttemptUseCaseTest" classname="Tests.Application.UseCase.P2P.InitiateP2PAttemptUseCaseTest" assertions="1" time="0.000133"/>
        <testcase name="testThrowsWhenPaymentNotFound" file="/app/tests/Application/UseCase/P2P/InitiateP2PAttemptUseCaseTest.php" line="154" class="Tests\Application\UseCase\P2P\InitiateP2PAttemptUseCaseTest" classname="Tests.Application.UseCase.P2P.InitiateP2PAttemptUseCaseTest" assertions="1" time="0.000113"/>
        <testcase name="testThrowsWhenPaymentExpired" file="/app/tests/Application/UseCase/P2P/InitiateP2PAttemptUseCaseTest.php" line="165" class="Tests\Application\UseCase\P2P\InitiateP2PAttemptUseCaseTest" classname="Tests.Application.UseCase.P2P.InitiateP2PAttemptUseCaseTest" assertions="1" time="0.000140"/>
        <testcase name="testThrowsWhenActiveAttemptExists" file="/app/tests/Application/UseCase/P2P/InitiateP2PAttemptUseCaseTest.php" line="174" class="Tests\Application\UseCase\P2P\InitiateP2PAttemptUseCaseTest" classname="Tests.Application.UseCase.P2P.InitiateP2PAttemptUseCaseTest" assertions="1" time="0.000136"/>
        <testcase name="testAllowsRetryAfterTerminalAttempt" file="/app/tests/Application/UseCase/P2P/InitiateP2PAttemptUseCaseTest.php" line="186" class="Tests\Application\UseCase\P2P\InitiateP2PAttemptUseCaseTest" classname="Tests.Application.UseCase.P2P.InitiateP2PAttemptUseCaseTest" assertions="1" time="0.000154"/>
      </testsuite>
      <testsuite name="Tests\Application\UseCase\P2P\InitiateP2PRefundUseCaseTest" file="/app/tests/Application/UseCase/P2P/InitiateP2PRefundUseCaseTest.php" tests="8" assertions="8" errors="0" failures="0" skipped="0" time="0.052424">
        <testcase name="testExecuteReturnsP2PRefund" file="/app/tests/Application/UseCase/P2P/InitiateP2PRefundUseCaseTest.php" line="100" class="Tests\Application\UseCase\P2P\InitiateP2PRefundUseCaseTest" classname="Tests.Application.UseCase.P2P.InitiateP2PRefundUseCaseTest" assertions="1" time="0.043277"/>
        <testcase name="testExecuteCallsForP2POnRegistry" file="/app/tests/Application/UseCase/P2P/InitiateP2PRefundUseCaseTest.php" line="116" class="Tests\Application\UseCase\P2P\InitiateP2PRefundUseCaseTest" classname="Tests.Application.UseCase.P2P.InitiateP2PRefundUseCaseTest" assertions="1" time="0.005979"/>
        <testcase name="testExecuteSavesRefund" file="/app/tests/Application/UseCase/P2P/InitiateP2PRefundUseCaseTest.php" line="135" class="Tests\Application\UseCase\P2P\InitiateP2PRefundUseCaseTest" classname="Tests.Application.UseCase.P2P.InitiateP2PRefundUseCaseTest" assertions="1" time="0.000275"/>
        <testcase name="testExecuteDispatchesEvents" file="/app/tests/Application/UseCase/P2P/InitiateP2PRefundUseCaseTest.php" line="154" class="Tests\Application\UseCase\P2P\InitiateP2PRefundUseCaseTest" classname="Tests.Application.UseCase.P2P.InitiateP2PRefundUseCaseTest" assertions="1" time="0.000186"/>
        <testcase name="testExecutePassesContextToProvider" file="/app/tests/Application/UseCase/P2P/InitiateP2PRefundUseCaseTest.php" line="172" class="Tests\Application\UseCase\P2P\InitiateP2PRefundUseCaseTest" classname="Tests.Application.UseCase.P2P.InitiateP2PRefundUseCaseTest" assertions="1" time="0.000274"/>
        <testcase name="testThrowsWhenPaymentNotFound" file="/app/tests/Application/UseCase/P2P/InitiateP2PRefundUseCaseTest.php" line="205" class="Tests\Application\UseCase\P2P\InitiateP2PRefundUseCaseTest" classname="Tests.Application.UseCase.P2P.InitiateP2PRefundUseCaseTest" assertions="1" time="0.000160"/>
        <testcase name="testThrowsWhenPaymentNotRefundable" file="/app/tests/Application/UseCase/P2P/InitiateP2PRefundUseCaseTest.php" line="217" class="Tests\Application\UseCase\P2P\InitiateP2PRefundUseCaseTest" classname="Tests.Application.UseCase.P2P.InitiateP2PRefundUseCaseTest" assertions="1" time="0.000160"/>
        <testcase name="testThrowsWhenRefundExceedsAmount" file="/app/tests/Application/UseCase/P2P/InitiateP2PRefundUseCaseTest.php" line="236" class="Tests\Application\UseCase\P2P\InitiateP2PRefundUseCaseTest" classname="Tests.Application.UseCase.P2P.InitiateP2PRefundUseCaseTest" assertions="1" time="0.002113"/>
      </testsuite>
      <testsuite name="Tests\Application\UseCase\Payment\CancelPaymentUseCaseTest" file="/app/tests/Application/UseCase/Payment/CancelPaymentUseCaseTest.php" tests="7" assertions="10" errors="0" failures="0" skipped="0" time="0.019925">
        <testcase name="testExecuteCancelsPayment" file="/app/tests/Application/UseCase/Payment/CancelPaymentUseCaseTest.php" line="52" class="Tests\Application\UseCase\Payment\CancelPaymentUseCaseTest" classname="Tests.Application.UseCase.Payment.CancelPaymentUseCaseTest" assertions="1" time="0.018943"/>
        <testcase name="testExecuteSavesPayment" file="/app/tests/Application/UseCase/Payment/CancelPaymentUseCaseTest.php" line="63" class="Tests\Application\UseCase\Payment\CancelPaymentUseCaseTest" classname="Tests.Application.UseCase.Payment.CancelPaymentUseCaseTest" assertions="1" time="0.000323"/>
        <testcase name="testExecuteDispatchesEvents" file="/app/tests/Application/UseCase/Payment/CancelPaymentUseCaseTest.php" line="74" class="Tests\Application\UseCase\Payment\CancelPaymentUseCaseTest" classname="Tests.Application.UseCase.Payment.CancelPaymentUseCaseTest" assertions="1" time="0.000196"/>
        <testcase name="testThrowsWhenPaymentNotFound" file="/app/tests/Application/UseCase/Payment/CancelPaymentUseCaseTest.php" line="85" class="Tests\Application\UseCase\Payment\CancelPaymentUseCaseTest" classname="Tests.Application.UseCase.Payment.CancelPaymentUseCaseTest" assertions="1" time="0.000111"/>
        <testcase name="testIsIdempotentForAlreadyCanceledPayment" file="/app/tests/Application/UseCase/Payment/CancelPaymentUseCaseTest.php" line="93" class="Tests\Application\UseCase\Payment\CancelPaymentUseCaseTest" classname="Tests.Application.UseCase.Payment.CancelPaymentUseCaseTest" assertions="3" time="0.000103"/>
        <testcase name="testIsIdempotentForSucceededPayment" file="/app/tests/Application/UseCase/Payment/CancelPaymentUseCaseTest.php" line="109" class="Tests\Application\UseCase\Payment\CancelPaymentUseCaseTest" classname="Tests.Application.UseCase.Payment.CancelPaymentUseCaseTest" assertions="2" time="0.000107"/>
        <testcase name="testThrowsWhenPaymentHasNonTerminalAttempt" file="/app/tests/Application/UseCase/Payment/CancelPaymentUseCaseTest.php" line="125" class="Tests\Application\UseCase\Payment\CancelPaymentUseCaseTest" classname="Tests.Application.UseCase.Payment.CancelPaymentUseCaseTest" assertions="1" time="0.000141"/>
      </testsuite>
      <testsuite name="Tests\Application\UseCase\Payment\CreatePaymentUseCaseTest" file="/app/tests/Application/UseCase/Payment/CreatePaymentUseCaseTest.php" tests="6" assertions="7" errors="0" failures="0" skipped="0" time="0.004654">
        <testcase name="testExecuteReturnsNewPaymentWhenNotFound" file="/app/tests/Application/UseCase/Payment/CreatePaymentUseCaseTest.php" line="54" class="Tests\Application\UseCase\Payment\CreatePaymentUseCaseTest" classname="Tests.Application.UseCase.Payment.CreatePaymentUseCaseTest" assertions="2" time="0.003918"/>
        <testcase name="testExecuteSavesThePaymentToRepository" file="/app/tests/Application/UseCase/Payment/CreatePaymentUseCaseTest.php" line="64" class="Tests\Application\UseCase\Payment\CreatePaymentUseCaseTest" classname="Tests.Application.UseCase.Payment.CreatePaymentUseCaseTest" assertions="1" time="0.000293"/>
        <testcase name="testExecuteDispatchesEvents" file="/app/tests/Application/UseCase/Payment/CreatePaymentUseCaseTest.php" line="76" class="Tests\Application\UseCase\Payment\CreatePaymentUseCaseTest" classname="Tests.Application.UseCase.Payment.CreatePaymentUseCaseTest" assertions="1" time="0.000149"/>
        <testcase name="testExecuteReturnsExistingPaymentWhenIdAlreadyExists" file="/app/tests/Application/UseCase/Payment/CreatePaymentUseCaseTest.php" line="89" class="Tests\Application\UseCase\Payment\CreatePaymentUseCaseTest" classname="Tests.Application.UseCase.Payment.CreatePaymentUseCaseTest" assertions="1" time="0.000102"/>
        <testcase name="testExecuteDoesNotSaveWhenReturningExistingPayment" file="/app/tests/Application/UseCase/Payment/CreatePaymentUseCaseTest.php" line="99" class="Tests\Application\UseCase\Payment\CreatePaymentUseCaseTest" classname="Tests.Application.UseCase.Payment.CreatePaymentUseCaseTest" assertions="1" time="0.000101"/>
        <testcase name="testExecuteDoesNotDispatchEventsWhenReturningExistingPayment" file="/app/tests/Application/UseCase/Payment/CreatePaymentUseCaseTest.php" line="107" class="Tests\Application\UseCase\Payment\CreatePaymentUseCaseTest" classname="Tests.Application.UseCase.Payment.CreatePaymentUseCaseTest" assertions="1" time="0.000092"/>
      </testsuite>
      <testsuite name="Tests\Application\UseCase\Webhook\HandleRefundWebhookUseCaseTest" file="/app/tests/Application/UseCase/Webhook/HandleRefundWebhookUseCaseTest.php" tests="6" assertions="11" errors="0" failures="0" skipped="0" time="0.011902">
        <testcase name="testExecuteThrowsWhenRefundNotFound" file="/app/tests/Application/UseCase/Webhook/HandleRefundWebhookUseCaseTest.php" line="85" class="Tests\Application\UseCase\Webhook\HandleRefundWebhookUseCaseTest" classname="Tests.Application.UseCase.Webhook.HandleRefundWebhookUseCaseTest" assertions="1" time="0.008014"/>
        <testcase name="testExecuteAppliesSucceededTransitionAndUpdatesPayment" file="/app/tests/Application/UseCase/Webhook/HandleRefundWebhookUseCaseTest.php" line="96" class="Tests\Application\UseCase\Webhook\HandleRefundWebhookUseCaseTest" classname="Tests.Application.UseCase.Webhook.HandleRefundWebhookUseCaseTest" assertions="3" time="0.001645"/>
        <testcase name="testExecuteFullRefundSetsPaymentToRefunded" file="/app/tests/Application/UseCase/Webhook/HandleRefundWebhookUseCaseTest.php" line="115" class="Tests\Application\UseCase\Webhook\HandleRefundWebhookUseCaseTest" classname="Tests.Application.UseCase.Webhook.HandleRefundWebhookUseCaseTest" assertions="1" time="0.001749"/>
        <testcase name="testExecuteSkipsPaymentUpdateOnFailedRefund" file="/app/tests/Application/UseCase/Webhook/HandleRefundWebhookUseCaseTest.php" line="140" class="Tests\Application\UseCase\Webhook\HandleRefundWebhookUseCaseTest" classname="Tests.Application.UseCase.Webhook.HandleRefundWebhookUseCaseTest" assertions="3" time="0.000187"/>
        <testcase name="testExecuteDoesNotPropagateToPaymentWhenRefundAlreadyTerminal" file="/app/tests/Application/UseCase/Webhook/HandleRefundWebhookUseCaseTest.php" line="158" class="Tests\Application\UseCase\Webhook\HandleRefundWebhookUseCaseTest" classname="Tests.Application.UseCase.Webhook.HandleRefundWebhookUseCaseTest" assertions="2" time="0.000178"/>
        <testcase name="testExecuteSkipsTransitionOnAlreadyTerminalRefund" file="/app/tests/Application/UseCase/Webhook/HandleRefundWebhookUseCaseTest.php" line="180" class="Tests\Application\UseCase\Webhook\HandleRefundWebhookUseCaseTest" classname="Tests.Application.UseCase.Webhook.HandleRefundWebhookUseCaseTest" assertions="1" time="0.000130"/>
      </testsuite>
      <testsuite name="Tests\Application\UseCase\Webhook\HandleWebhookUseCaseTest" file="/app/tests/Application/UseCase/Webhook/HandleWebhookUseCaseTest.php" tests="12" assertions="15" errors="0" failures="0" skipped="0" time="0.008072">
        <testcase name="testExecuteCallsParseWebhookAndAppliesTransitionWhenStatusChangedIsTrue" file="/app/tests/Application/UseCase/Webhook/HandleWebhookUseCaseTest.php" line="93" class="Tests\Application\UseCase\Webhook\HandleWebhookUseCaseTest" classname="Tests.Application.UseCase.Webhook.HandleWebhookUseCaseTest" assertions="1" time="0.004471"/>
        <testcase name="testExecuteOnlyUpdatesSpecificDataWhenStatusChangedIsFalse" file="/app/tests/Application/UseCase/Webhook/HandleWebhookUseCaseTest.php" line="113" class="Tests\Application\UseCase\Webhook\HandleWebhookUseCaseTest" classname="Tests.Application.UseCase.Webhook.HandleWebhookUseCaseTest" assertions="2" time="0.000211"/>
        <testcase name="testExecuteMarksPaymentAsSucceededWhenAttemptSucceeds" file="/app/tests/Application/UseCase/Webhook/HandleWebhookUseCaseTest.php" line="136" class="Tests\Application\UseCase\Webhook\HandleWebhookUseCaseTest" classname="Tests.Application.UseCase.Webhook.HandleWebhookUseCaseTest" assertions="2" time="0.000265"/>
        <testcase name="testExecuteThrowsAttemptNotFoundExceptionWhenAttemptNotFound" file="/app/tests/Application/UseCase/Webhook/HandleWebhookUseCaseTest.php" line="158" class="Tests\Application\UseCase\Webhook\HandleWebhookUseCaseTest" classname="Tests.Application.UseCase.Webhook.HandleWebhookUseCaseTest" assertions="1" time="0.000161"/>
        <testcase name="testExecuteDispatchesAttemptEvents" file="/app/tests/Application/UseCase/Webhook/HandleWebhookUseCaseTest.php" line="173" class="Tests\Application\UseCase\Webhook\HandleWebhookUseCaseTest" classname="Tests.Application.UseCase.Webhook.HandleWebhookUseCaseTest" assertions="1" time="0.000144"/>
        <testcase name="testExecuteIsIdempotentWhenWebhookDeliveredTwice" file="/app/tests/Application/UseCase/Webhook/HandleWebhookUseCaseTest.php" line="197" class="Tests\Application\UseCase\Webhook\HandleWebhookUseCaseTest" classname="Tests.Application.UseCase.Webhook.HandleWebhookUseCaseTest" assertions="1" time="0.000140"/>
        <testcase name="testExecuteDispatchesPaymentEventsWhenPaymentSucceeded" file="/app/tests/Application/UseCase/Webhook/HandleWebhookUseCaseTest.php" line="223" class="Tests\Application\UseCase\Webhook\HandleWebhookUseCaseTest" classname="Tests.Application.UseCase.Webhook.HandleWebhookUseCaseTest" assertions="1" time="0.000145"/>
        <testcase name="testExecuteMarksPaymentAsRetryableWhenAttemptFails" file="/app/tests/Application/UseCase/Webhook/HandleWebhookUseCaseTest.php" line="244" class="Tests\Application\UseCase\Webhook\HandleWebhookUseCaseTest" classname="Tests.Application.UseCase.Webhook.HandleWebhookUseCaseTest" assertions="2" time="0.000190"/>
        <testsuite name="Tests\Application\UseCase\Webhook\HandleWebhookUseCaseTest::testExecuteMarksPaymentAsRetryableForAllFailureStatuses" tests="2" assertions="2" errors="0" failures="0" skipped="0" time="0.002000">
          <testcase name="testExecuteMarksPaymentAsRetryableForAllFailureStatuses with data set &quot;failed&quot;" file="/app/tests/Application/UseCase/Webhook/HandleWebhookUseCaseTest.php" line="269" class="Tests\Application\UseCase\Webhook\HandleWebhookUseCaseTest" classname="Tests.Application.UseCase.Webhook.HandleWebhookUseCaseTest" assertions="1" time="0.000181"/>
          <testcase name="testExecuteMarksPaymentAsRetryableForAllFailureStatuses with data set &quot;expired&quot;" file="/app/tests/Application/UseCase/Webhook/HandleWebhookUseCaseTest.php" line="269" class="Tests\Application\UseCase\Webhook\HandleWebhookUseCaseTest" classname="Tests.Application.UseCase.Webhook.HandleWebhookUseCaseTest" assertions="1" time="0.001819"/>
        </testsuite>
        <testcase name="testExecuteDoesNotPropagateToPaymentWhenAttemptAlreadyTerminal" file="/app/tests/Application/UseCase/Webhook/HandleWebhookUseCaseTest.php" line="298" class="Tests\Application\UseCase\Webhook\HandleWebhookUseCaseTest" classname="Tests.Application.UseCase.Webhook.HandleWebhookUseCaseTest" assertions="1" time="0.000210"/>
        <testcase name="testExecuteDoesNotTouchPaymentWhenAttemptTransitionsToNonTerminalStatus" file="/app/tests/Application/UseCase/Webhook/HandleWebhookUseCaseTest.php" line="323" class="Tests\Application\UseCase\Webhook\HandleWebhookUseCaseTest" classname="Tests.Application.UseCase.Webhook.HandleWebhookUseCaseTest" assertions="1" time="0.000133"/>
      </testsuite>
    </testsuite>
  </testsuite>
</testsuites>
